Log file open, 01/14/18 12:24:03
LogWindows: Failed to load 'aqProf.dll' (GetLastError=126)
LogWindows: File 'aqProf.dll' does not exist
LogWindows: Failed to load 'VtuneApi.dll' (GetLastError=126)
LogWindows: File 'VtuneApi.dll' does not exist
LogWindows: Failed to load 'VtuneApi32e.dll' (GetLastError=126)
LogWindows: File 'VtuneApi32e.dll' does not exist
LogInit: Display: Running engine for game: UMG_Practice
LogPlatformFile: Not using cached read wrapper
LogInit: Display: RandInit(767438287) SRandInit(767438287).
LogInit: Read version file with build ID '3709383'
LogInit: Overriding engine version to CL 3794801, compatible CL 3709383
LogInit: Registered custom module enumerator with build ID '3709383'
LogTaskGraph: Started task graph with 5 named threads and 14 total threads with 3 sets of task threads.
LogStats: Stats thread started at 0.163899
LogD3D11RHI: Aftermath initialized
LogModuleManager: Display: Found up-to-date module file ../../../Engine/Plugins/2D/Paper2D/Binaries/Win64/UE4Editor-Paper2D.dll (API version 3709383).
LogModuleManager: Display: Found up-to-date module file ../../../Engine/Plugins/2D/Paper2D/Binaries/Win64/UE4Editor-Paper2DEditor.dll (API version 3709383).
LogModuleManager: Display: Found up-to-date module file ../../../Engine/Plugins/2D/Paper2D/Binaries/Win64/UE4Editor-PaperSpriteSheetImporter.dll (API version 3709383).
LogModuleManager: Display: Found up-to-date module file ../../../Engine/Plugins/2D/Paper2D/Binaries/Win64/UE4Editor-PaperTiledImporter.dll (API version 3709383).
LogModuleManager: Display: Found up-to-date module file ../../../Engine/Plugins/2D/Paper2D/Binaries/Win64/UE4Editor-SmartSnapping.dll (API version 3709383).
LogModuleManager: Display: Found up-to-date module file ../../../Engine/Plugins/Blendables/LightPropagationVolume/Binaries/Win64/UE4Editor-LightPropagationVolumeRuntime.dll (API version 3709383).
LogModuleManager: Display: Found up-to-date module file ../../../Engine/Plugins/Blendables/LightPropagationVolume/Binaries/Win64/UE4Editor-LightPropagationVolumeEditor.dll (API version 3709383).
LogModuleManager: Display: Found up-to-date module file ../../../Engine/Plugins/Developer/GitSourceControl/Binaries/Win64/UE4Editor-GitSourceControl.dll (API version 3709383).
LogModuleManager: Display: Found up-to-date module file ../../../Engine/Plugins/Developer/PerforceSourceControl/Binaries/Win64/UE4Editor-PerforceSourceControl.dll (API version 3709383).
LogModuleManager: Display: Found up-to-date module file ../../../Engine/Plugins/Developer/SubversionSourceControl/Binaries/Win64/UE4Editor-SubversionSourceControl.dll (API version 3709383).
LogModuleManager: Display: Found up-to-date module file ../../../Engine/Plugins/Developer/UObjectPlugin/Binaries/Win64/UE4Editor-UObjectPlugin.dll (API version 3709383).
LogModuleManager: Display: Found up-to-date module file ../../../Engine/Plugins/Developer/VisualStudioCodeSourceCodeAccess/Binaries/Win64/UE4Editor-VisualStudioCodeSourceCodeAccess.dll (API version 3709383).
LogModuleManager: Display: Found up-to-date module file ../../../Engine/Plugins/Developer/VisualStudioSourceCodeAccess/Binaries/Win64/UE4Editor-VisualStudioSourceCodeAccess.dll (API version 3709383).
LogModuleManager: Display: Found up-to-date module file ../../../Engine/Plugins/Editor/AssetManagerEditor/Binaries/Win64/UE4Editor-AssetManagerEditor.dll (API version 3709383).
LogModuleManager: Display: Found up-to-date module file ../../../Engine/Plugins/Editor/AudioCapture/Binaries/Win64/UE4Editor-AudioCapture.dll (API version 3709383).
LogModuleManager: Display: Found up-to-date module file ../../../Engine/Plugins/Editor/FacialAnimation/Binaries/Win64/UE4Editor-FacialAnimation.dll (API version 3709383).
LogModuleManager: Display: Found up-to-date module file ../../../Engine/Plugins/Editor/FacialAnimation/Binaries/Win64/UE4Editor-FacialAnimationEditor.dll (API version 3709383).
LogModuleManager: Display: Found up-to-date module file ../../../Engine/Plugins/Editor/GameplayTagsEditor/Binaries/Win64/UE4Editor-GameplayTagsEditor.dll (API version 3709383).
LogModuleManager: Display: Found up-to-date module file ../../../Engine/Plugins/Editor/MobileLauncherProfileWizard/Binaries/Win64/UE4Editor-MobileLauncherProfileWizard.dll (API version 3709383).
LogModuleManager: Display: Found up-to-date module file ../../../Engine/Plugins/Editor/PluginBrowser/Binaries/Win64/UE4Editor-PluginBrowser.dll (API version 3709383).
LogModuleManager: Display: Found up-to-date module file ../../../Engine/Plugins/Editor/SpeedTreeImporter/Binaries/Win64/UE4Editor-SpeedTreeImporter.dll (API version 3709383).
LogModuleManager: Display: Found up-to-date module file ../../../Engine/Plugins/Experimental/AlembicImporter/Binaries/Win64/UE4Editor-AlembicImporter.dll (API version 3709383).
LogModuleManager: Display: Found up-to-date module file ../../../Engine/Plugins/Experimental/AlembicImporter/Binaries/Win64/UE4Editor-AlembicLibrary.dll (API version 3709383).
LogModuleManager: Display: Found up-to-date module file ../../../Engine/Plugins/Experimental/CharacterAI/Binaries/Win64/UE4Editor-CharacterAI.dll (API version 3709383).
LogModuleManager: Display: Found up-to-date module file ../../../Engine/Plugins/Experimental/HTML5Networking/Binaries/Win64/UE4Editor-HTML5Networking.dll (API version 3709383).
LogModuleManager: Display: Found up-to-date module file ../../../Engine/Plugins/Media/AndroidMedia/Binaries/Win64/UE4Editor-AndroidMediaEditor.dll (API version 3709383).
LogModuleManager: Display: Found up-to-date module file ../../../Engine/Plugins/Media/AndroidMedia/Binaries/Win64/UE4Editor-AndroidMediaFactory.dll (API version 3709383).
LogModuleManager: Display: Found up-to-date module file ../../../Engine/Plugins/Media/AvfMedia/Binaries/Win64/UE4Editor-AvfMediaEditor.dll (API version 3709383).
LogModuleManager: Display: Found up-to-date module file ../../../Engine/Plugins/Media/AvfMedia/Binaries/Win64/UE4Editor-AvfMediaFactory.dll (API version 3709383).
LogModuleManager: Display: Found up-to-date module file ../../../Engine/Plugins/Media/AvfMedia/Binaries/Win64/UE4Editor-AvfMediaFactory.dll (API version 3709383).
LogModuleManager: Display: Found up-to-date module file ../../../Engine/Plugins/Media/ImgMedia/Binaries/Win64/UE4Editor-ImgMedia.dll (API version 3709383).
LogModuleManager: Display: Found up-to-date module file ../../../Engine/Plugins/Media/ImgMedia/Binaries/Win64/UE4Editor-ImgMediaEditor.dll (API version 3709383).
LogModuleManager: Display: Found up-to-date module file ../../../Engine/Plugins/Media/ImgMedia/Binaries/Win64/UE4Editor-ImgMediaFactory.dll (API version 3709383).
LogModuleManager: Display: Found up-to-date module file ../../../Engine/Plugins/Media/ImgMedia/Binaries/Win64/UE4Editor-ImgMediaFactory.dll (API version 3709383).
LogModuleManager: Display: Found up-to-date module file ../../../Engine/Plugins/Media/ImgMedia/Binaries/Win64/UE4Editor-OpenExrWrapper.dll (API version 3709383).
LogModuleManager: Display: Found up-to-date module file ../../../Engine/Plugins/Media/MediaCompositing/Binaries/Win64/UE4Editor-MediaCompositing.dll (API version 3709383).
LogModuleManager: Display: Found up-to-date module file ../../../Engine/Plugins/Media/MediaCompositing/Binaries/Win64/UE4Editor-MediaCompositingEditor.dll (API version 3709383).
LogModuleManager: Display: Found up-to-date module file ../../../Engine/Plugins/Media/MediaPlayerEditor/Binaries/Win64/UE4Editor-MediaPlayerEditor.dll (API version 3709383).
LogModuleManager: Display: Found up-to-date module file ../../../Engine/Plugins/Media/WmfMedia/Binaries/Win64/UE4Editor-WmfMedia.dll (API version 3709383).
LogModuleManager: Display: Found up-to-date module file ../../../Engine/Plugins/Media/WmfMedia/Binaries/Win64/UE4Editor-WmfMediaEditor.dll (API version 3709383).
LogModuleManager: Display: Found up-to-date module file ../../../Engine/Plugins/Media/WmfMedia/Binaries/Win64/UE4Editor-WmfMediaFactory.dll (API version 3709383).
LogModuleManager: Display: Found up-to-date module file ../../../Engine/Plugins/Media/WmfMedia/Binaries/Win64/UE4Editor-WmfMediaFactory.dll (API version 3709383).
LogModuleManager: Display: Found up-to-date module file ../../../Engine/Plugins/Messaging/TcpMessaging/Binaries/Win64/UE4Editor-TcpMessaging.dll (API version 3709383).
LogModuleManager: Display: Found up-to-date module file ../../../Engine/Plugins/Messaging/UdpMessaging/Binaries/Win64/UE4Editor-UdpMessaging.dll (API version 3709383).
LogModuleManager: Display: Found up-to-date module file ../../../Engine/Plugins/MovieScene/ActorSequence/Binaries/Win64/UE4Editor-ActorSequence.dll (API version 3709383).
LogModuleManager: Display: Found up-to-date module file ../../../Engine/Plugins/MovieScene/LevelSequenceEditor/Binaries/Win64/UE4Editor-LevelSequenceEditor.dll (API version 3709383).
LogModuleManager: Display: Found up-to-date module file ../../../Engine/Plugins/MovieScene/MatineeToLevelSequence/Binaries/Win64/UE4Editor-MatineeToLevelSequence.dll (API version 3709383).
LogModuleManager: Display: Found up-to-date module file ../../../Engine/Plugins/Online/OnlineSubsystem/Binaries/Win64/UE4Editor-OnlineSubsystem.dll (API version 3709383).
LogModuleManager: Display: Found up-to-date module file ../../../Engine/Plugins/Runtime/AndroidPermission/Binaries/Win64/UE4Editor-AndroidPermission.dll (API version 3709383).
LogModuleManager: Display: Found up-to-date module file ../../../Engine/Plugins/Online/OnlineSubsystemNull/Binaries/Win64/UE4Editor-OnlineSubsystemNull.dll (API version 3709383).
LogModuleManager: Display: Found up-to-date module file ../../../Engine/Plugins/Online/OnlineSubsystemUtils/Binaries/Win64/UE4Editor-OnlineSubsystemUtils.dll (API version 3709383).
LogModuleManager: Display: Found up-to-date module file ../../../Engine/Plugins/Online/OnlineSubsystemUtils/Binaries/Win64/UE4Editor-OnlineBlueprintSupport.dll (API version 3709383).
LogModuleManager: Display: Found up-to-date module file ../../../Engine/Plugins/Runtime/AndroidDeviceProfileSelector/Binaries/Win64/UE4Editor-AndroidDeviceProfileSelector.dll (API version 3709383).
LogModuleManager: Display: Found up-to-date module file ../../../Engine/Plugins/Runtime/AppleARKit/Binaries/Win64/UE4Editor-AppleARKit.dll (API version 3709383).
LogModuleManager: Display: Found up-to-date module file ../../../Engine/Plugins/Runtime/ArchVisCharacter/Binaries/Win64/UE4Editor-ArchVisCharacter.dll (API version 3709383).
LogModuleManager: Display: Found up-to-date module file ../../../Engine/Plugins/Runtime/CableComponent/Binaries/Win64/UE4Editor-CableComponent.dll (API version 3709383).
LogModuleManager: Display: Found up-to-date module file ../../../Engine/Plugins/Runtime/CustomMeshComponent/Binaries/Win64/UE4Editor-CustomMeshComponent.dll (API version 3709383).
LogModuleManager: Display: Found up-to-date module file ../../../Engine/Plugins/Runtime/ExampleDeviceProfileSelector/Binaries/Win64/UE4Editor-ExampleDeviceProfileSelector.dll (API version 3709383).
LogModuleManager: Display: Found up-to-date module file ../../../Engine/Plugins/Runtime/ImmediatePhysics/Binaries/Win64/UE4Editor-ImmediatePhysics.dll (API version 3709383).
LogModuleManager: Display: Found up-to-date module file ../../../Engine/Plugins/Runtime/ImmediatePhysics/Binaries/Win64/UE4Editor-ImmediatePhysicsEditor.dll (API version 3709383).
LogModuleManager: Display: Found up-to-date module file ../../../Engine/Plugins/Runtime/LocationServicesBPLibrary/Binaries/Win64/UE4Editor-LocationServicesBPLibrary.dll (API version 3709383).
LogModuleManager: Display: Found up-to-date module file ../../../Engine/Plugins/Runtime/MobilePatchingUtils/Binaries/Win64/UE4Editor-MobilePatchingUtils.dll (API version 3709383).
LogModuleManager: Display: Found up-to-date module file ../../../Engine/Plugins/Runtime/Oculus/OculusVR/Binaries/Win64/UE4Editor-OculusHMD.dll (API version 3709383).
LogModuleManager: Display: Found up-to-date module file ../../../Engine/Plugins/Runtime/Oculus/OculusVR/Binaries/Win64/UE4Editor-OculusInput.dll (API version 3709383).
LogModuleManager: Display: Found up-to-date module file ../../../Engine/Plugins/Runtime/Oculus/OculusVR/Binaries/Win64/UE4Editor-OculusEditor.dll (API version 3709383).
LogModuleManager: Display: Found up-to-date module file ../../../Engine/Plugins/Runtime/PhysXVehicles/Binaries/Win64/UE4Editor-PhysXVehicles.dll (API version 3709383).
LogModuleManager: Display: Found up-to-date module file ../../../Engine/Plugins/Runtime/PhysXVehicles/Binaries/Win64/UE4Editor-PhysXVehiclesEditor.dll (API version 3709383).
LogModuleManager: Display: Found up-to-date module file ../../../Engine/Plugins/Runtime/ProceduralMeshComponent/Binaries/Win64/UE4Editor-ProceduralMeshComponent.dll (API version 3709383).
LogModuleManager: Display: Found up-to-date module file ../../../Engine/Plugins/Runtime/ProceduralMeshComponent/Binaries/Win64/UE4Editor-ProceduralMeshComponentEditor.dll (API version 3709383).
LogModuleManager: Display: Found up-to-date module file ../../../Engine/Plugins/Runtime/RuntimePhysXCooking/Binaries/Win64/UE4Editor-RuntimePhysXCooking.dll (API version 3709383).
LogModuleManager: Display: Found up-to-date module file ../../../Engine/Plugins/Runtime/Steam/SteamVR/Binaries/Win64/UE4Editor-SteamVR.dll (API version 3709383).
LogModuleManager: Display: Found up-to-date module file ../../../Engine/Plugins/Runtime/Steam/SteamVR/Binaries/Win64/UE4Editor-SteamVRController.dll (API version 3709383).
LogModuleManager: Display: Found up-to-date module file ../../../Engine/Plugins/Runtime/WindowsMoviePlayer/Binaries/Win64/UE4Editor-WindowsMoviePlayer.dll (API version 3709383).
LogPluginManager: Mounting plugin Paper2D
LogPluginManager: Mounting plugin LightPropagationVolume
LogPluginManager: Mounting plugin CodeLiteSourceCodeAccess
LogPluginManager: Mounting plugin GitSourceControl
LogPluginManager: Mounting plugin KDevelopSourceCodeAccess
LogPluginManager: Mounting plugin NullSourceCodeAccess
LogPluginManager: Mounting plugin PerforceSourceControl
LogPluginManager: Mounting plugin SubversionSourceControl
LogPluginManager: Mounting plugin UObjectPlugin
LogPluginManager: Mounting plugin VisualStudioCodeSourceCodeAccess
LogPluginManager: Mounting plugin VisualStudioSourceCodeAccess
LogPluginManager: Mounting plugin XCodeSourceCodeAccess
LogPluginManager: Mounting plugin AssetManagerEditor
LogPluginManager: Mounting plugin AudioCapture
LogPluginManager: Mounting plugin FacialAnimation
LogPluginManager: Mounting plugin GameplayTagsEditor
LogPluginManager: Mounting plugin MobileLauncherProfileWizard
LogPluginManager: Mounting plugin PluginBrowser
LogPluginManager: Mounting plugin SpeedTreeImporter
LogPluginManager: Mounting plugin AlembicImporter
LogPluginManager: Mounting plugin CharacterAI
LogPluginManager: Mounting plugin HTML5Networking
LogPluginManager: Mounting plugin AndroidMedia
LogPluginManager: Mounting plugin AvfMedia
LogPluginManager: Mounting plugin ImgMedia
LogPluginManager: Mounting plugin MediaCompositing
LogPluginManager: Mounting plugin MediaPlayerEditor
LogPluginManager: Mounting plugin WmfMedia
LogPluginManager: Mounting plugin TcpMessaging
LogPluginManager: Mounting plugin UdpMessaging
LogPluginManager: Mounting plugin ActorSequence
LogPluginManager: Mounting plugin LevelSequenceEditor
LogPluginManager: Mounting plugin MatineeToLevelSequence
LogPluginManager: Mounting plugin OnlineSubsystemGooglePlay
LogPluginManager: Mounting plugin OnlineSubsystemIOS
LogPluginManager: Mounting plugin OnlineSubsystem
LogPluginManager: Mounting plugin OnlineSubsystemNull
LogPluginManager: Mounting plugin OnlineSubsystemUtils
LogPluginManager: Mounting plugin AndroidDeviceProfileSelector
LogPluginManager: Mounting plugin AndroidMoviePlayer
LogPluginManager: Mounting plugin AndroidPermission
LogPluginManager: Mounting plugin AppleARKit
LogPluginManager: Mounting plugin AppleMoviePlayer
LogPluginManager: Mounting plugin ArchVisCharacter
LogPluginManager: Mounting plugin CableComponent
LogPluginManager: Mounting plugin CustomMeshComponent
LogPluginManager: Mounting plugin ExampleDeviceProfileSelector
LogPluginManager: Mounting plugin GoogleCloudMessaging
LogPluginManager: Mounting plugin ImmediatePhysics
LogPluginManager: Mounting plugin IOSDeviceProfileSelector
LogPluginManager: Mounting plugin LinuxDeviceProfileSelector
LogPluginManager: Mounting plugin LocationServicesBPLibrary
LogPluginManager: Mounting plugin MobilePatchingUtils
LogPluginManager: Mounting plugin OculusVR
LogPluginManager: Plugin shader directory ../../../Engine/Plugins/Runtime/Oculus/OculusVR/Shaders found
LogPluginManager: Mapping shader source directory ../../../Engine/Plugins/Runtime/Oculus/OculusVR/Shaders to virtual directory /Plugin/OculusVR
LogPluginManager: Mounting plugin PhysXVehicles
LogPluginManager: Mounting plugin ProceduralMeshComponent
LogPluginManager: Mounting plugin RuntimePhysXCooking
LogPluginManager: Mounting plugin SteamVR
LogPluginManager: Mounting plugin WindowsMoviePlayer
LogInit: Using libcurl 7.47.1
LogInit:  - built for x86_64-pc-win32
LogInit:  - supports SSL with OpenSSL/1.0.2g
LogInit:  - supports HTTP deflate (compression) using libz 1.2.8
LogInit:  - other features:
LogInit:      CURL_VERSION_SSL
LogInit:      CURL_VERSION_LIBZ
LogInit:      CURL_VERSION_IPV6
LogInit:      CURL_VERSION_ASYNCHDNS
LogInit:      CURL_VERSION_LARGEFILE
LogInit:      CURL_VERSION_IDN
LogInit:  CurlRequestOptions (configurable via config and command line):
LogInit:  - bVerifyPeer = false  - Libcurl will NOT verify peer certificate
LogInit:  - bUseHttpProxy = false  - Libcurl will NOT use HTTP proxy
LogInit:  - bDontReuseConnections = false  - Libcurl will reuse connections
LogInit:  - CertBundlePath = nullptr  - Libcurl will use whatever was configured at build time.
LogInit: Build: ++UE4+Release-4.18-CL-3794801
LogInit: Engine Version: 4.18.2-3794801+++UE4+Release-4.18
LogInit: Compatible Engine Version: 4.18.0-3709383+++UE4+Release-4.18
LogInit: Net CL: 3709383
LogDevObjectVersion: Number of dev versions registered: 16
LogDevObjectVersion:   Dev-Blueprints (B0D832E4-1F89-4F0D-ACCF-7EB736FD4AA2): 10
LogDevObjectVersion:   Dev-Build (E1C64328-A22C-4D53-A36C-8E866417BD8C): 0
LogDevObjectVersion:   Dev-Core (375EC13C-06E4-48FB-B500-84F0262A717E): 2
LogDevObjectVersion:   Dev-Editor (E4B068ED-F494-42E9-A231-DA0B2E46BB41): 20
LogDevObjectVersion:   Dev-Framework (CFFC743F-43B0-4480-9391-14DF171D2073): 30
LogDevObjectVersion:   Dev-Mobile (B02B49B5-BB20-44E9-A304-32B752E40360): 0
LogDevObjectVersion:   Dev-Networking (A4E4105C-59A1-49B5-A7C5-40C4547EDFEE): 0
LogDevObjectVersion:   Dev-Online (39C831C9-5AE6-47DC-9A44-9C173E1C8E7C): 0
LogDevObjectVersion:   Dev-Physics (78F01B33-EBEA-4F98-B9B4-84EACCB95AA2): 0
LogDevObjectVersion:   Dev-Platform (6631380F-2D4D-43E0-8009-CF276956A95A): 0
LogDevObjectVersion:   Dev-Rendering (12F88B9F-8875-4AFC-A67C-D90C383ABD29): 20
LogDevObjectVersion:   Dev-Sequencer (7B5AE74C-D270-4C10-A958-57980B212A5A): 4
LogDevObjectVersion:   Dev-VR (D7296918-1DD6-4BDD-9DE2-64A83CC13884): 0
LogDevObjectVersion:   Dev-LoadTimes (C2A15278-BFE7-4AFE-6C17-90FF531DF755): 1
LogDevObjectVersion:   Private-Geometry (6EACA3D4-40EC-4CC1-B786-8BED09428FC5): 1
LogDevObjectVersion:   Dev-AnimPhys (29E575DD-E0A3-4627-9D10-D276232CDCEA): 12
LogInit: Compiled (64-bit): Dec  8 2017 02:04:53
LogInit: Compiled with Visual C++: 19.00.24215.01
LogInit: Build Configuration: Development
LogInit: Branch Name: ++UE4+Release-4.18
LogInit: Command line: 
LogInit: Base directory: D:/EpicGames/UE_4.18/Engine/Binaries/Win64/
LogInit: Installed Engine Build: 1
LogInit: Presizing for max 8388607 objects, including 0 objects not considered by GC, pre-allocating 0 bytes for permanent pool.
LogInit: Object subsystem initialized
[2018.01.14-03.24.04:955][  0]LogInit: Selected Device Profile: [Windows]
[2018.01.14-03.24.04:956][  0]LogInit: Applying CVar settings loaded from the selected device profile: [Windows]
[2018.01.14-03.24.04:964][  0]LogInit: Computer: DESKTOP-DIJL62K
[2018.01.14-03.24.04:964][  0]LogInit: User: Administrator
[2018.01.14-03.24.04:964][  0]LogInit: CPU Page size=4096, Cores=4
[2018.01.14-03.24.04:964][  0]LogInit: High frequency timer resolution =3.328128 MHz
[2018.01.14-03.24.04:964][  0]LogMemory: Memory total: Physical=16.0GB (16GB approx)
[2018.01.14-03.24.04:964][  0]LogMemory: Platform Memory Stats for Windows
[2018.01.14-03.24.04:964][  0]LogMemory: Process Physical Memory: 274.19 MB used, 274.19 MB peak
[2018.01.14-03.24.04:964][  0]LogMemory: Process Virtual Memory: 269.65 MB used, 269.65 MB peak
[2018.01.14-03.24.04:964][  0]LogMemory: Physical Memory: 6685.69 MB used,  9660.86 MB free, 16346.55 MB total
[2018.01.14-03.24.04:964][  0]LogMemory: Virtual Memory: 677.32 MB used,  9660.86 MB free, 134217728.00 MB total
[2018.01.14-03.24.05:064][  0]LogInit: Using OS detected language (ko-KR).
[2018.01.14-03.24.05:065][  0]LogInit: Using OS detected locale (ko-KR).
[2018.01.14-03.24.05:068][  0]LogTextLocalizationManager: No specific localization for 'ko-KR' exists, so the 'ko' localization will be used.
[2018.01.14-03.24.05:224][  0]LogInit: Setting process to per monitor DPI aware
[2018.01.14-03.24.05:532][  0]LogD3D11RHI: D3D11 adapters:
[2018.01.14-03.24.05:587][  0]LogD3D11RHI:    0. 'NVIDIA GeForce GTX 1080' (Feature Level 11_0)
[2018.01.14-03.24.05:587][  0]LogD3D11RHI:       8086/0/8173 MB DedicatedVideo/DedicatedSystem/SharedSystem, Outputs:2, VendorId:0x10de
[2018.01.14-03.24.05:589][  0]LogD3D11RHI:    1. 'Microsoft Basic Render Driver' (Feature Level 11_0)
[2018.01.14-03.24.05:589][  0]LogD3D11RHI:       0/0/8173 MB DedicatedVideo/DedicatedSystem/SharedSystem, Outputs:0, VendorId:0x1414
[2018.01.14-03.24.05:589][  0]LogD3D11RHI: Chosen D3D11 Adapter: 0
[2018.01.14-03.24.05:594][  0]LogD3D11RHI: Creating new Direct3DDevice
[2018.01.14-03.24.05:594][  0]LogD3D11RHI:     GPU DeviceId: 0x1b80 (for the marketing name, search the web for "GPU Device Id")
[2018.01.14-03.24.05:594][  0]LogWindows: EnumDisplayDevices:
[2018.01.14-03.24.05:594][  0]LogWindows:    0. 'NVIDIA GeForce GTX 1080' (P:0 D:1)
[2018.01.14-03.24.05:595][  0]LogWindows:    1. 'NVIDIA GeForce GTX 1080' (P:1 D:1)
[2018.01.14-03.24.05:595][  0]LogWindows:    2. 'NVIDIA GeForce GTX 1080' (P:0 D:0)
[2018.01.14-03.24.05:595][  0]LogWindows:    3. 'NVIDIA GeForce GTX 1080' (P:0 D:0)
[2018.01.14-03.24.05:596][  0]LogWindows: DebugString: GetVideoDriverDetailsInvalid PrimaryIsNotTheChoosenAdapter GetVideoDriverDetailsInvalid PrimaryIsNotTheChoosenAdapter GetVideoDriverDetailsInvalid PrimaryIsNotTheChoosenAdapter GetVideoDriverDetailsInvalid PrimaryIsNotTheChoosenAdapter FoundDriverCount:0 
[2018.01.14-03.24.05:596][  0]LogD3D11RHI:     Adapter Name: NVIDIA GeForce GTX 1080
[2018.01.14-03.24.05:596][  0]LogD3D11RHI:   Driver Version: Unknown (internal:Unknown, unified:Unknown)
[2018.01.14-03.24.05:596][  0]LogD3D11RHI:      Driver Date: Unknown
[2018.01.14-03.24.05:596][  0]LogRHI: Texture pool is 5660 MB (70% of 8086 MB)
[2018.01.14-03.24.05:622][  0]LogD3D11RHI: Async texture creation enabled
[2018.01.14-03.24.05:633][  0]LogD3D11RHI: GPU Timing Frequency: 1000.000000 (Debug: 2 1)
[2018.01.14-03.24.05:727][  0]LogShaderCompilers: Guid format shader working directory is -8 characters bigger than the processId version (C:/Users/Administrator/Documents/Unreal Projects/UMG_Practice/Intermediate/Shaders/WorkingDirectory/17000/).
[2018.01.14-03.24.05:728][  0]LogShaderCompilers: Cleaned the shader compiler working directory 'C:/Users/Administrator/AppData/Local/Temp/UnrealShaderWorkingDir/71E7CC90440FF4941C68E3BAB40DC443/'.
[2018.01.14-03.24.05:728][  0]LogShaderCompilers: Display: Using Local Shader Compiler.
[2018.01.14-03.24.06:534][  0]LogTemp: Display: Loaded TP AllDesktopTargetPlatform
[2018.01.14-03.24.06:574][  0]LogTemp: Display: Loaded TP MacClientTargetPlatform
[2018.01.14-03.24.06:614][  0]LogTemp: Display: Loaded TP MacNoEditorTargetPlatform
[2018.01.14-03.24.06:654][  0]LogTemp: Display: Loaded TP MacServerTargetPlatform
[2018.01.14-03.24.06:695][  0]LogTemp: Display: Loaded TP MacTargetPlatform
[2018.01.14-03.24.06:735][  0]LogTemp: Display: Loaded TP WindowsClientTargetPlatform
[2018.01.14-03.24.06:775][  0]LogTemp: Display: Loaded TP WindowsNoEditorTargetPlatform
[2018.01.14-03.24.06:815][  0]LogTemp: Display: Loaded TP WindowsServerTargetPlatform
[2018.01.14-03.24.06:849][  0]LogTemp: Display: Loaded TP WindowsTargetPlatform
[2018.01.14-03.24.06:889][  0]LogTemp: Display: Loaded TP Android_ASTCTargetPlatform
[2018.01.14-03.24.06:930][  0]LogTemp: Display: Loaded TP Android_ATCTargetPlatform
[2018.01.14-03.24.06:969][  0]LogTemp: Display: Loaded TP Android_DXTTargetPlatform
[2018.01.14-03.24.07:008][  0]LogTemp: Display: Loaded TP Android_ETC1TargetPlatform
[2018.01.14-03.24.07:047][  0]LogTemp: Display: Loaded TP Android_ETC2TargetPlatform
[2018.01.14-03.24.07:125][  0]LogTemp: Display: Loaded TP Android_MultiTargetPlatform
[2018.01.14-03.24.07:125][  0]LogTemp: Display: Loaded TP Android_PVRTCTargetPlatform
[2018.01.14-03.24.07:164][  0]LogTemp: Display: Loaded TP AndroidTargetPlatform
[2018.01.14-03.24.07:193][  0]LogTemp: Display: Loaded TP HTML5TargetPlatform
[2018.01.14-03.24.07:265][  0]LogTemp: Display: Loaded TP IOSTargetPlatform
[2018.01.14-03.24.07:285][  0]LogTemp: Display: Loaded TP TVOSTargetPlatform
[2018.01.14-03.24.07:324][  0]LogTemp: Display: Loaded TP LinuxClientTargetPlatform
[2018.01.14-03.24.07:362][  0]LogTemp: Display: Loaded TP LinuxNoEditorTargetPlatform
[2018.01.14-03.24.07:402][  0]LogTemp: Display: Loaded TP LinuxServerTargetPlatform
[2018.01.14-03.24.07:441][  0]LogTemp: Display: Loaded TP LinuxTargetPlatform
[2018.01.14-03.24.07:441][  0]LogTargetPlatformManager: Display: Building Assets For Windows
[2018.01.14-03.24.07:780][  0]LogDerivedDataCache: Display: Max Cache Size: 512 MB
[2018.01.14-03.24.07:835][  0]LogDerivedDataCache: Loaded boot cache 0.06s 78MB C:/Users/Administrator/AppData/Local/UnrealEngine/4.18/DerivedDataCache/Boot.ddc.
[2018.01.14-03.24.07:835][  0]LogDerivedDataCache: Display: Loaded Boot cache: C:/Users/Administrator/AppData/Local/UnrealEngine/4.18/DerivedDataCache/Boot.ddc
[2018.01.14-03.24.07:836][  0]LogDerivedDataCache: FDerivedDataBackendGraph:  Pak pak cache file C:/Users/Administrator/Documents/Unreal Projects/UMG_Practice/DerivedDataCache/DDC.ddp not found, will not use a pak cache.
[2018.01.14-03.24.07:836][  0]LogDerivedDataCache: Unable to find inner node Pak for hierarchical cache Hierarchy.
[2018.01.14-03.24.07:836][  0]LogDerivedDataCache: FDerivedDataBackendGraph:  CompressedPak pak cache file C:/Users/Administrator/Documents/Unreal Projects/UMG_Practice/DerivedDataCache/Compressed.ddp not found, will not use a pak cache.
[2018.01.14-03.24.07:836][  0]LogDerivedDataCache: Unable to find inner node CompressedPak for hierarchical cache Hierarchy.
[2018.01.14-03.24.07:850][  0]LogDerivedDataCache: Display: Pak cache opened for reading ../../../Engine/DerivedDataCache/Compressed.ddp.
[2018.01.14-03.24.07:863][  0]LogDerivedDataCache: Using Local data cache path C:/Users/Administrator/AppData/Local/UnrealEngine/Common/DerivedDataCache: Writable
[2018.01.14-03.24.07:872][  0]LogMaterial: Verifying Global Shaders for PCD3D_SM5
[2018.01.14-03.24.07:872][  0]LogSlate: Using Freetype 2.6.0
[2018.01.14-03.24.07:873][  0]LogSlate: SlateFontCache - WITH_FREETYPE: 1, WITH_HARFBUZZ: 1
[2018.01.14-03.24.07:873][  0]LogSlate: SlateFontCache - WITH_FREETYPE: 1, WITH_HARFBUZZ: 1
[2018.01.14-03.24.08:218][  0]LogInit: Selected Device Profile: [Windows]
[2018.01.14-03.24.08:477][  0]LogSimplygon: Simplygon DLL not present - disabling.
[2018.01.14-03.24.08:507][  0]LogMeshReduction: Using SimplygonSwarm for distributed automatic mesh merging
[2018.01.14-03.24.08:507][  0]LogMeshReduction: Using QuadricMeshReduction for automatic static mesh reduction
[2018.01.14-03.24.08:507][  0]LogMeshReduction: No automatic skeletal mesh reduction module available
[2018.01.14-03.24.08:507][  0]LogMeshReduction: No automatic mesh merging module available
[2018.01.14-03.24.08:507][  0]LogMeshMerging: No automatic mesh merging module available
[2018.01.14-03.24.08:540][  0]LogNetVersion: UMG_Practice , NetCL: 3709383, EngineNetVer: 2, GameNetVer: 0 (Checksum: 1776136475)
[2018.01.14-03.24.08:683][  0]LogAssetRegistry: FAssetRegistry took 0.0253 seconds to start up
[2018.01.14-03.24.09:121][  0]LogPackageLocalizationCache: Processed 7 localized package path(s) for 2 prioritized culture(s) in 0.061214 seconds
[2018.01.14-03.24.09:127][  0]LogUObjectArray: 35900 objects as part of root set at end of initial load.
[2018.01.14-03.24.09:127][  0]LogUObjectAllocator: 7372024 out of 0 bytes used by permanent object pool.
[2018.01.14-03.24.09:127][  0]LogUObjectArray: CloseDisregardForGC: 0/0 objects in disregard for GC pool
[2018.01.14-03.24.09:160][  0]LogInit: WinSock: version 1.1 (2.2), MaxSocks=32767, MaxUdp=65467
[2018.01.14-03.24.11:706][  0]LogTcpMessaging: Initializing TcpMessaging bridge
[2018.01.14-03.24.11:744][  0]LogUdpMessaging: Initializing bridge on interface 0.0.0.0:0 to multicast group 230.0.0.1:6666.
[2018.01.14-03.24.12:340][  0]LogMaterial: Uniform references updated for custom material expression Custom.
[2018.01.14-03.24.12:704][  0]SourceControl: 소스 콘트롤이 꺼졌습니다.
[2018.01.14-03.24.12:704][  0]SourceControl: 소스 콘트롤이 꺼졌습니다.
[2018.01.14-03.24.12:750][  0]SourceControl: 소스 콘트롤이 꺼졌습니다.
[2018.01.14-03.24.12:794][  0]SourceControl: 소스 콘트롤이 꺼졌습니다.
[2018.01.14-03.24.13:482][  0]LogAndroidPermission: UAndroidPermissionCallbackProxy::GetInstance
[2018.01.14-03.24.13:712][  0]LogOcInput: OculusInput pre-init called
[2018.01.14-03.24.13:948][  0]LogEngine: Initializing Engine...
[2018.01.14-03.24.13:951][  0]LogHMD: Failed to initialize OpenVR with code 102
[2018.01.14-03.24.14:131][  0]LogStats: UGameplayTagsManager::ConstructGameplayTagTree: Construct from data asset -  0.000 s
[2018.01.14-03.24.14:131][  0]LogStats: UGameplayTagsManager::ConstructGameplayTagTree: GameplayTagTreeChangedEvent.Broadcast -  0.000 s
[2018.01.14-03.24.14:229][  0]LogAIModule: Creating AISystem for world Untitled
[2018.01.14-03.24.14:263][  0]LogInit: XAudio2 using '스피커(High Definition Audio 장치)' : 2 channels at 44.1 kHz using 16 bits per sample (channel mask 0x3)
[2018.01.14-03.24.14:288][  0]LogInit: FAudioDevice initialized.
[2018.01.14-03.24.14:374][  0]LogDerivedDataCache: Saved boot cache 0.09s 78MB C:/Users/Administrator/AppData/Local/UnrealEngine/4.18/DerivedDataCache/Boot.ddc.
[2018.01.14-03.24.14:384][  0]LogInit: Texture streaming: Enabled
[2018.01.14-03.24.14:451][  0]LogEngineSessionManager: EngineSessionManager initialized
[2018.01.14-03.24.14:474][  0]LogEngineSessionManager: EngineSessionManager sent abnormal shutdown report. Type=Crashed, SessionId={BB34250B-4E50-4C21-E9E1-DEAB705DAB51}
[2018.01.14-03.24.14:570][  0]LogInit: Transaction tracking system initialized
[2018.01.14-03.24.14:801][  0]BlueprintLog: New page: 에디터 로드
[2018.01.14-03.24.15:440][  0]LocalizationService: 현지화 서비스가 비활성화되었습니다.
[2018.01.14-03.24.15:991][  0]LogConsoleResponse: Display: 
[2018.01.14-03.24.16:146][  0]LogCook: Display: Max memory allowance for cook 16384mb min free memory 0mb
[2018.01.14-03.24.16:146][  0]LogCook: Display: Mobile HDR setting 1
[2018.01.14-03.24.16:146][  0]LogGameplayTags: Display: UGameplayTagsManager::DoneAddingNativeTags. DelegateIsBound: 0
[2018.01.14-03.24.17:086][  0]LogFileCache: Scanning file cache for directory 'C:/Users/Administrator/Documents/Unreal Projects/UMG_Practice/Content/' took 0.01s
[2018.01.14-03.24.17:124][  0]SourceControl: 소스 콘트롤이 꺼졌습니다.
[2018.01.14-03.24.17:124][  0]Cmd: MAP LOAD FILE="C:/Users/Administrator/Documents/Unreal Projects/UMG_Practice/Content/Level/First.umap" TEMPLATE=0 SHOWPROGRESS=1 FEATURELEVEL=3
[2018.01.14-03.24.17:125][  0]LightingResults: New page: 라이팅 빌드
[2018.01.14-03.24.17:157][  0]MapCheck: New page: 맵 체크
[2018.01.14-03.24.17:157][  0]LightingResults: New page: 라이팅 빌드
[2018.01.14-03.24.17:268][  0]LogAIModule: Creating AISystem for world First
[2018.01.14-03.24.17:271][  0]LogEditorServer: Finished looking for orphan Actors (0.000 secs)
[2018.01.14-03.24.17:280][  0]Cmd: MAP CHECKDEP NOCLEARLOG
[2018.01.14-03.24.17:347][  0]MapCheck: 맵 체크 완료: 오류 0 회, 경고 0 회, 소요 시간 66.324ms.
[2018.01.14-03.24.17:347][  0]LogFileHelpers: Loading map 'First' took 0.222
[2018.01.14-03.24.17:433][  0]LogWindowsTextInputMethodSystem: Display: IME system now activated using TSF (Microsoft 입력기).
[2018.01.14-03.24.17:519][  0]LogCollectionManager: Loaded 0 collections in 0.001413 seconds
[2018.01.14-03.24.17:594][  0]LogFileCache: Scanning file cache for directory 'C:/Users/Administrator/Documents/Unreal Projects/UMG_Practice/Saved/Collections/' took 0.01s
[2018.01.14-03.24.17:594][  0]LogFileCache: Scanning file cache for directory 'C:/Users/Administrator/Documents/Unreal Projects/UMG_Practice/Content/Developers/Administrator/Collections/' took 0.01s
[2018.01.14-03.24.17:594][  0]LogFileCache: Scanning file cache for directory 'C:/Users/Administrator/Documents/Unreal Projects/UMG_Practice/Content/Collections/' took 0.01s
[2018.01.14-03.24.17:594][  0]LogCollectionManager: Rebuilt the GUID cache for 0 collections in 0.000001 seconds
[2018.01.14-03.24.17:604][  0]LogContentBrowser: Native class hierarchy populated in 0.0100 seconds. Added 2363 classes and 519 folders.
[2018.01.14-03.24.17:659][  0]LogContentBrowser: Native class hierarchy updated for 'WidgetCarousel' in 0.0002 seconds. Added 0 classes and 0 folders.
[2018.01.14-03.24.17:708][  0]LogContentBrowser: Native class hierarchy updated for 'AddContentDialog' in 0.0002 seconds. Added 0 classes and 0 folders.
[2018.01.14-03.24.17:750][  0]LogContentBrowser: Native class hierarchy updated for 'WorldBrowser' in 0.0002 seconds. Added 2 classes and 3 folders.
[2018.01.14-03.24.17:787][  0]LogContentBrowser: Native class hierarchy updated for 'SceneOutliner' in 0.0002 seconds. Added 1 classes and 2 folders.
[2018.01.14-03.24.17:845][  0]LogSlate: Took 0.000434 seconds to synchronously load lazily loaded font '../../../Engine/Content/Slate/Fonts/Roboto-Regular.ttf' (155K)
[2018.01.14-03.24.17:848][  0]LogSlate: Took 0.002462 seconds to synchronously load lazily loaded font '../../../Engine/Content/Slate/Fonts/NanumGothic.ttf' (4243K)
[2018.01.14-03.24.17:849][  0]LogSlate: Took 0.000294 seconds to synchronously load lazily loaded font '../../../Engine/Content/Slate/Fonts/Roboto-Bold.ttf' (160K)
[2018.01.14-03.24.17:854][  0]LogSlate: Took 0.000267 seconds to synchronously load lazily loaded font '../../../Engine/Content/Editor/Slate/Fonts/FontAwesome.ttf' (139K)
[2018.01.14-03.24.17:942][  0]LogRenderer: Reallocating scene render targets to support 1244x616 Format 10 NumSamples 1 (Frame:1).
[2018.01.14-03.24.18:098][  0]LogContentBrowser: Native class hierarchy updated for 'HierarchicalLODOutliner' in 0.0002 seconds. Added 1 classes and 2 folders.
[2018.01.14-03.24.18:098][  0]LogLoad: (Engine Initialization) Total time: 15.39 seconds
[2018.01.14-03.24.18:098][  0]LogLoad: (Engine Initialization) Total Blueprint compile time: 0.00 seconds
[2018.01.14-03.24.18:098][  0]LogExternalProfiler: Found external profiler: VSPerf
[2018.01.14-03.24.18:098][  0]LogExternalProfiler: Using external profiler: VSPerf
[2018.01.14-03.24.18:127][  0]LogAssetRegistry: Asset discovery search completed in 9.4648 seconds
[2018.01.14-03.24.18:128][  0]LogCollectionManager: Rebuilt the object cache for 0 collections in 0.000001 seconds (found 0 objects)
[2018.01.14-03.24.18:128][  0]LogCollectionManager: Fixed up redirectors for 0 collections in 0.000066 seconds (updated 0 objects)
[2018.01.14-03.24.18:131][  0]LogContentStreaming: Texture pool size now 1000 MB
[2018.01.14-03.24.18:173][  0]LogSlate: Took 0.000318 seconds to synchronously load lazily loaded font '../../../Engine/Content/Slate/Fonts/Roboto-Light.ttf' (159K)
[2018.01.14-03.24.19:132][110]LogSlate: Took 0.000248 seconds to synchronously load lazily loaded font '../../../Engine/Content/Slate/Fonts/Roboto-Light.ttf' (159K)
[2018.01.14-03.24.20:433][264]LogSlate: Took 0.000281 seconds to synchronously load lazily loaded font '../../../Engine/Content/Slate/Fonts/Roboto-Light.ttf' (159K)
[2018.01.14-03.24.20:741][264]LogContentBrowser: Native class hierarchy updated for 'BlueprintGraph' in 0.0006 seconds. Added 116 classes and 0 folders.
[2018.01.14-03.24.21:500][264]LogSlate: Took 0.000241 seconds to synchronously load lazily loaded font '../../../Engine/Content/Editor/Slate/Fonts/Roboto-BoldCondensed.ttf' (158K)
[2018.01.14-03.24.21:589][264]LogRenderer: Reallocating scene render targets to support 1528x920 Format 10 NumSamples 1 (Frame:1).
[2018.01.14-03.24.53:003][546]BlueprintLog: New page: Inventory 컴파일
[2018.01.14-03.24.53:005][546]LogBlueprint: Error: [Compiler Inventory] Internal Compiler Error: Tried to create a property Slot in scope SKEL_Inventory_C, but another object (ObjectProperty /Script/UMG.Widget:Slot) already already exists there.
[2018.01.14-03.24.53:007][546]LogBlueprint: Error: [Compiler Inventory] Internal Compiler Error: Tried to create a property Slot in scope Inventory_C, but another object (ObjectProperty /Script/UMG.Widget:Slot) already already exists there.
[2018.01.14-03.24.53:663][546]LogWindows: Error: === Critical error: ===
[2018.01.14-03.24.53:663][546]LogWindows: Error: 
[2018.01.14-03.24.53:663][546]LogWindows: Error: Fatal error!
[2018.01.14-03.24.53:663][546]LogWindows: Error: 
[2018.01.14-03.24.53:663][546]LogWindows: Error: Unhandled Exception: EXCEPTION_ACCESS_VIOLATION reading address 0xffffffff
[2018.01.14-03.24.53:663][546]LogWindows: Error: 
[2018.01.14-03.24.53:663][546]LogWindows: Error: [Callstack] 0x00000000F448E11A UE4Editor-UMG.dll!UnknownFunction []
[2018.01.14-03.24.53:663][546]LogWindows: Error: [Callstack] 0x00000000F44E585C UE4Editor-UMG.dll!UnknownFunction []
[2018.01.14-03.24.53:663][546]LogWindows: Error: [Callstack] 0x00000000F44E5808 UE4Editor-UMG.dll!UnknownFunction []
[2018.01.14-03.24.53:663][546]LogWindows: Error: [Callstack] 0x00000000F4461D42 UE4Editor-UMG.dll!UnknownFunction []
[2018.01.14-03.24.53:663][546]LogWindows: Error: [Callstack] 0x00000000F82CE01F UE4Editor-CoreUObject.dll!UnknownFunction []
[2018.01.14-03.24.53:663][546]LogWindows: Error: [Callstack] 0x00000000F824B5B9 UE4Editor-CoreUObject.dll!UnknownFunction []
[2018.01.14-03.24.53:663][546]LogWindows: Error: [Callstack] 0x00000000F8249C65 UE4Editor-CoreUObject.dll!UnknownFunction []
[2018.01.14-03.24.53:663][546]LogWindows: Error: [Callstack] 0x00000000EAB817E5 UE4Editor-Kismet.dll!UnknownFunction []
[2018.01.14-03.24.53:663][546]LogWindows: Error: [Callstack] 0x00000000F4F9633E UE4Editor-UnrealEd.dll!UnknownFunction []
[2018.01.14-03.24.53:663][546]LogWindows: Error: [Callstack] 0x00000000EAB81133 UE4Editor-Kismet.dll!UnknownFunction []
[2018.01.14-03.24.53:663][546]LogWindows: Error: [Callstack] 0x00000000EABD0FC1 UE4Editor-Kismet.dll!UnknownFunction []
[2018.01.14-03.24.53:663][546]LogWindows: Error: [Callstack] 0x00000000EABD5D26 UE4Editor-Kismet.dll!UnknownFunction []
[2018.01.14-03.24.53:663][546]LogWindows: Error: [Callstack] 0x00000000F8B47BBF UE4Editor-Slate.dll!UnknownFunction []
[2018.01.14-03.24.53:663][546]LogWindows: Error: [Callstack] 0x00000000F8C4D3A2 UE4Editor-Slate.dll!UnknownFunction []
[2018.01.14-03.24.53:663][546]LogWindows: Error: [Callstack] 0x00000000F8BA76D2 UE4Editor-Slate.dll!UnknownFunction []
[2018.01.14-03.24.53:663][546]LogWindows: Error: [Callstack] 0x00000000F8BA8C29 UE4Editor-Slate.dll!UnknownFunction []
[2018.01.14-03.24.53:663][546]LogWindows: Error: [Callstack] 0x00000000F8C28C25 UE4Editor-Slate.dll!UnknownFunction []
[2018.01.14-03.24.53:663][546]LogWindows: Error: [Callstack] 0x00000000F8CE2B27 UE4Editor-Slate.dll!UnknownFunction []
[2018.01.14-03.24.53:663][546]LogWindows: Error: [Callstack] 0x00000000F8D0EA04 UE4Editor-Slate.dll!UnknownFunction []
[2018.01.14-03.24.53:663][546]LogWindows: Error: [Callstack] 0x00000000F8B25EFC UE4Editor-Slate.dll!UnknownFunction []
[2018.01.14-03.24.53:663][546]LogWindows: Error: [Callstack] 0x00000000F8AF8095 UE4Editor-Slate.dll!UnknownFunction []
[2018.01.14-03.24.53:663][546]LogWindows: Error: [Callstack] 0x00000000F8B928A7 UE4Editor-Slate.dll!UnknownFunction []
[2018.01.14-03.24.53:663][546]LogWindows: Error: [Callstack] 0x00000000F8B7B092 UE4Editor-Slate.dll!UnknownFunction []
[2018.01.14-03.24.53:663][546]LogWindows: Error: [Callstack] 0x00000000F8B6D902 UE4Editor-Slate.dll!UnknownFunction []
[2018.01.14-03.24.53:663][546]LogWindows: Error: [Callstack] 0x0000000003CEE54B UE4Editor-ApplicationCore.dll!UnknownFunction []
[2018.01.14-03.24.53:663][546]LogWindows: Error: [Callstack] 0x0000000003CE1A48 UE4Editor-ApplicationCore.dll!UnknownFunction []
[2018.01.14-03.24.53:664][546]LogWindows: Error: [Callstack] 0x0000000003CF03EC UE4Editor-ApplicationCore.dll!UnknownFunction []
[2018.01.14-03.24.53:664][546]LogWindows: Error: [Callstack] 0x0000000003CDD5A9 UE4Editor-ApplicationCore.dll!UnknownFunction []
[2018.01.14-03.24.53:664][546]LogWindows: Error: [Callstack] 0x000000002737B85D USER32.dll!UnknownFunction []
[2018.01.14-03.24.53:664][546]LogWindows: Error: [Callstack] 0x000000002737B1EF USER32.dll!UnknownFunction []
[2018.01.14-03.24.53:664][546]LogWindows: Error: [Callstack] 0x0000000003CF1516 UE4Editor-ApplicationCore.dll!UnknownFunction []
[2018.01.14-03.24.53:664][546]LogWindows: Error: [Callstack] 0x0000000021D550C8 UE4Editor.exe!UnknownFunction []
[2018.01.14-03.24.53:664][546]LogWindows: Error: [Callstack] 0x0000000021D65430 UE4Editor.exe!UnknownFunction []
[2018.01.14-03.24.53:664][546]LogWindows: Error: [Callstack] 0x0000000021D654AA UE4Editor.exe!UnknownFunction []
[2018.01.14-03.24.53:664][546]LogWindows: Error: [Callstack] 0x0000000021D72379 UE4Editor.exe!UnknownFunction []
[2018.01.14-03.24.53:664][546]LogWindows: Error: [Callstack] 0x0000000021D73D57 UE4Editor.exe!UnknownFunction []
[2018.01.14-03.24.53:664][546]LogWindows: Error: [Callstack] 0x0000000026AD1FE4 KERNEL32.DLL!UnknownFunction []
[2018.01.14-03.24.53:664][546]LogWindows: Error: [Callstack] 0x0000000027ECEF91 ntdll.dll!UnknownFunction []
[2018.01.14-03.24.53:664][546]LogWindows: Error: [Callstack] 0x0000000027ECEF91 ntdll.dll!UnknownFunction []
[2018.01.14-03.24.53:664][546]LogWindows: Error: 
[2018.01.14-03.24.53:674][546]LogExit: Executing StaticShutdownAfterError
[2018.01.14-03.24.53:677][546]LogWindows: FPlatformMisc::RequestExit(1)
[2018.01.14-03.24.53:677][546]Log file closed, 01/14/18 12:24:53
