Log file open, 01/14/18 11:50:00
LogWindows: Failed to load 'aqProf.dll' (GetLastError=126)
LogWindows: File 'aqProf.dll' does not exist
LogWindows: Failed to load 'VtuneApi.dll' (GetLastError=126)
LogWindows: File 'VtuneApi.dll' does not exist
LogWindows: Failed to load 'VtuneApi32e.dll' (GetLastError=126)
LogWindows: File 'VtuneApi32e.dll' does not exist
LogInit: Display: Running engine for game: UMG_Practice
LogPlatformFile: Not using cached read wrapper
LogInit: Display: RandInit(-1738873977) SRandInit(-1738873977).
LogInit: Read version file with build ID '3709383'
LogInit: Overriding engine version to CL 3794801, compatible CL 3709383
LogInit: Registered custom module enumerator with build ID '3709383'
LogTaskGraph: Started task graph with 5 named threads and 14 total threads with 3 sets of task threads.
LogStats: Stats thread started at 0.161643
LogD3D11RHI: Aftermath initialized
LogModuleManager: Display: Found up-to-date module file ../../../Engine/Plugins/2D/Paper2D/Binaries/Win64/UE4Editor-Paper2D.dll (API version 3709383).
LogModuleManager: Display: Found up-to-date module file ../../../Engine/Plugins/2D/Paper2D/Binaries/Win64/UE4Editor-Paper2DEditor.dll (API version 3709383).
LogModuleManager: Display: Found up-to-date module file ../../../Engine/Plugins/2D/Paper2D/Binaries/Win64/UE4Editor-PaperSpriteSheetImporter.dll (API version 3709383).
LogModuleManager: Display: Found up-to-date module file ../../../Engine/Plugins/2D/Paper2D/Binaries/Win64/UE4Editor-PaperTiledImporter.dll (API version 3709383).
LogModuleManager: Display: Found up-to-date module file ../../../Engine/Plugins/2D/Paper2D/Binaries/Win64/UE4Editor-SmartSnapping.dll (API version 3709383).
LogModuleManager: Display: Found up-to-date module file ../../../Engine/Plugins/Blendables/LightPropagationVolume/Binaries/Win64/UE4Editor-LightPropagationVolumeRuntime.dll (API version 3709383).
LogModuleManager: Display: Found up-to-date module file ../../../Engine/Plugins/Blendables/LightPropagationVolume/Binaries/Win64/UE4Editor-LightPropagationVolumeEditor.dll (API version 3709383).
LogModuleManager: Display: Found up-to-date module file ../../../Engine/Plugins/Developer/GitSourceControl/Binaries/Win64/UE4Editor-GitSourceControl.dll (API version 3709383).
LogModuleManager: Display: Found up-to-date module file ../../../Engine/Plugins/Developer/PerforceSourceControl/Binaries/Win64/UE4Editor-PerforceSourceControl.dll (API version 3709383).
LogModuleManager: Display: Found up-to-date module file ../../../Engine/Plugins/Developer/SubversionSourceControl/Binaries/Win64/UE4Editor-SubversionSourceControl.dll (API version 3709383).
LogModuleManager: Display: Found up-to-date module file ../../../Engine/Plugins/Developer/UObjectPlugin/Binaries/Win64/UE4Editor-UObjectPlugin.dll (API version 3709383).
LogModuleManager: Display: Found up-to-date module file ../../../Engine/Plugins/Developer/VisualStudioCodeSourceCodeAccess/Binaries/Win64/UE4Editor-VisualStudioCodeSourceCodeAccess.dll (API version 3709383).
LogModuleManager: Display: Found up-to-date module file ../../../Engine/Plugins/Developer/VisualStudioSourceCodeAccess/Binaries/Win64/UE4Editor-VisualStudioSourceCodeAccess.dll (API version 3709383).
LogModuleManager: Display: Found up-to-date module file ../../../Engine/Plugins/Editor/AssetManagerEditor/Binaries/Win64/UE4Editor-AssetManagerEditor.dll (API version 3709383).
LogModuleManager: Display: Found up-to-date module file ../../../Engine/Plugins/Editor/AudioCapture/Binaries/Win64/UE4Editor-AudioCapture.dll (API version 3709383).
LogModuleManager: Display: Found up-to-date module file ../../../Engine/Plugins/Editor/FacialAnimation/Binaries/Win64/UE4Editor-FacialAnimation.dll (API version 3709383).
LogModuleManager: Display: Found up-to-date module file ../../../Engine/Plugins/Editor/FacialAnimation/Binaries/Win64/UE4Editor-FacialAnimationEditor.dll (API version 3709383).
LogModuleManager: Display: Found up-to-date module file ../../../Engine/Plugins/Editor/GameplayTagsEditor/Binaries/Win64/UE4Editor-GameplayTagsEditor.dll (API version 3709383).
LogModuleManager: Display: Found up-to-date module file ../../../Engine/Plugins/Editor/MobileLauncherProfileWizard/Binaries/Win64/UE4Editor-MobileLauncherProfileWizard.dll (API version 3709383).
LogModuleManager: Display: Found up-to-date module file ../../../Engine/Plugins/Editor/PluginBrowser/Binaries/Win64/UE4Editor-PluginBrowser.dll (API version 3709383).
LogModuleManager: Display: Found up-to-date module file ../../../Engine/Plugins/Editor/SpeedTreeImporter/Binaries/Win64/UE4Editor-SpeedTreeImporter.dll (API version 3709383).
LogModuleManager: Display: Found up-to-date module file ../../../Engine/Plugins/Experimental/AlembicImporter/Binaries/Win64/UE4Editor-AlembicImporter.dll (API version 3709383).
LogModuleManager: Display: Found up-to-date module file ../../../Engine/Plugins/Experimental/AlembicImporter/Binaries/Win64/UE4Editor-AlembicLibrary.dll (API version 3709383).
LogModuleManager: Display: Found up-to-date module file ../../../Engine/Plugins/Experimental/CharacterAI/Binaries/Win64/UE4Editor-CharacterAI.dll (API version 3709383).
LogModuleManager: Display: Found up-to-date module file ../../../Engine/Plugins/Experimental/HTML5Networking/Binaries/Win64/UE4Editor-HTML5Networking.dll (API version 3709383).
LogModuleManager: Display: Found up-to-date module file ../../../Engine/Plugins/Media/AndroidMedia/Binaries/Win64/UE4Editor-AndroidMediaEditor.dll (API version 3709383).
LogModuleManager: Display: Found up-to-date module file ../../../Engine/Plugins/Media/AndroidMedia/Binaries/Win64/UE4Editor-AndroidMediaFactory.dll (API version 3709383).
LogModuleManager: Display: Found up-to-date module file ../../../Engine/Plugins/Media/AvfMedia/Binaries/Win64/UE4Editor-AvfMediaEditor.dll (API version 3709383).
LogModuleManager: Display: Found up-to-date module file ../../../Engine/Plugins/Media/AvfMedia/Binaries/Win64/UE4Editor-AvfMediaFactory.dll (API version 3709383).
LogModuleManager: Display: Found up-to-date module file ../../../Engine/Plugins/Media/AvfMedia/Binaries/Win64/UE4Editor-AvfMediaFactory.dll (API version 3709383).
LogModuleManager: Display: Found up-to-date module file ../../../Engine/Plugins/Media/ImgMedia/Binaries/Win64/UE4Editor-ImgMedia.dll (API version 3709383).
LogModuleManager: Display: Found up-to-date module file ../../../Engine/Plugins/Media/ImgMedia/Binaries/Win64/UE4Editor-ImgMediaEditor.dll (API version 3709383).
LogModuleManager: Display: Found up-to-date module file ../../../Engine/Plugins/Media/ImgMedia/Binaries/Win64/UE4Editor-ImgMediaFactory.dll (API version 3709383).
LogModuleManager: Display: Found up-to-date module file ../../../Engine/Plugins/Media/ImgMedia/Binaries/Win64/UE4Editor-ImgMediaFactory.dll (API version 3709383).
LogModuleManager: Display: Found up-to-date module file ../../../Engine/Plugins/Media/ImgMedia/Binaries/Win64/UE4Editor-OpenExrWrapper.dll (API version 3709383).
LogModuleManager: Display: Found up-to-date module file ../../../Engine/Plugins/Media/MediaCompositing/Binaries/Win64/UE4Editor-MediaCompositing.dll (API version 3709383).
LogModuleManager: Display: Found up-to-date module file ../../../Engine/Plugins/Media/MediaCompositing/Binaries/Win64/UE4Editor-MediaCompositingEditor.dll (API version 3709383).
LogModuleManager: Display: Found up-to-date module file ../../../Engine/Plugins/Media/MediaPlayerEditor/Binaries/Win64/UE4Editor-MediaPlayerEditor.dll (API version 3709383).
LogModuleManager: Display: Found up-to-date module file ../../../Engine/Plugins/Media/WmfMedia/Binaries/Win64/UE4Editor-WmfMedia.dll (API version 3709383).
LogModuleManager: Display: Found up-to-date module file ../../../Engine/Plugins/Media/WmfMedia/Binaries/Win64/UE4Editor-WmfMediaEditor.dll (API version 3709383).
LogModuleManager: Display: Found up-to-date module file ../../../Engine/Plugins/Media/WmfMedia/Binaries/Win64/UE4Editor-WmfMediaFactory.dll (API version 3709383).
LogModuleManager: Display: Found up-to-date module file ../../../Engine/Plugins/Media/WmfMedia/Binaries/Win64/UE4Editor-WmfMediaFactory.dll (API version 3709383).
LogModuleManager: Display: Found up-to-date module file ../../../Engine/Plugins/Messaging/TcpMessaging/Binaries/Win64/UE4Editor-TcpMessaging.dll (API version 3709383).
LogModuleManager: Display: Found up-to-date module file ../../../Engine/Plugins/Messaging/UdpMessaging/Binaries/Win64/UE4Editor-UdpMessaging.dll (API version 3709383).
LogModuleManager: Display: Found up-to-date module file ../../../Engine/Plugins/MovieScene/ActorSequence/Binaries/Win64/UE4Editor-ActorSequence.dll (API version 3709383).
LogModuleManager: Display: Found up-to-date module file ../../../Engine/Plugins/MovieScene/LevelSequenceEditor/Binaries/Win64/UE4Editor-LevelSequenceEditor.dll (API version 3709383).
LogModuleManager: Display: Found up-to-date module file ../../../Engine/Plugins/MovieScene/MatineeToLevelSequence/Binaries/Win64/UE4Editor-MatineeToLevelSequence.dll (API version 3709383).
LogModuleManager: Display: Found up-to-date module file ../../../Engine/Plugins/Online/OnlineSubsystem/Binaries/Win64/UE4Editor-OnlineSubsystem.dll (API version 3709383).
LogModuleManager: Display: Found up-to-date module file ../../../Engine/Plugins/Runtime/AndroidPermission/Binaries/Win64/UE4Editor-AndroidPermission.dll (API version 3709383).
LogModuleManager: Display: Found up-to-date module file ../../../Engine/Plugins/Online/OnlineSubsystemNull/Binaries/Win64/UE4Editor-OnlineSubsystemNull.dll (API version 3709383).
LogModuleManager: Display: Found up-to-date module file ../../../Engine/Plugins/Online/OnlineSubsystemUtils/Binaries/Win64/UE4Editor-OnlineSubsystemUtils.dll (API version 3709383).
LogModuleManager: Display: Found up-to-date module file ../../../Engine/Plugins/Online/OnlineSubsystemUtils/Binaries/Win64/UE4Editor-OnlineBlueprintSupport.dll (API version 3709383).
LogModuleManager: Display: Found up-to-date module file ../../../Engine/Plugins/Runtime/AndroidDeviceProfileSelector/Binaries/Win64/UE4Editor-AndroidDeviceProfileSelector.dll (API version 3709383).
LogModuleManager: Display: Found up-to-date module file ../../../Engine/Plugins/Runtime/AppleARKit/Binaries/Win64/UE4Editor-AppleARKit.dll (API version 3709383).
LogModuleManager: Display: Found up-to-date module file ../../../Engine/Plugins/Runtime/ArchVisCharacter/Binaries/Win64/UE4Editor-ArchVisCharacter.dll (API version 3709383).
LogModuleManager: Display: Found up-to-date module file ../../../Engine/Plugins/Runtime/CableComponent/Binaries/Win64/UE4Editor-CableComponent.dll (API version 3709383).
LogModuleManager: Display: Found up-to-date module file ../../../Engine/Plugins/Runtime/CustomMeshComponent/Binaries/Win64/UE4Editor-CustomMeshComponent.dll (API version 3709383).
LogModuleManager: Display: Found up-to-date module file ../../../Engine/Plugins/Runtime/ExampleDeviceProfileSelector/Binaries/Win64/UE4Editor-ExampleDeviceProfileSelector.dll (API version 3709383).
LogModuleManager: Display: Found up-to-date module file ../../../Engine/Plugins/Runtime/ImmediatePhysics/Binaries/Win64/UE4Editor-ImmediatePhysics.dll (API version 3709383).
LogModuleManager: Display: Found up-to-date module file ../../../Engine/Plugins/Runtime/ImmediatePhysics/Binaries/Win64/UE4Editor-ImmediatePhysicsEditor.dll (API version 3709383).
LogModuleManager: Display: Found up-to-date module file ../../../Engine/Plugins/Runtime/LocationServicesBPLibrary/Binaries/Win64/UE4Editor-LocationServicesBPLibrary.dll (API version 3709383).
LogModuleManager: Display: Found up-to-date module file ../../../Engine/Plugins/Runtime/MobilePatchingUtils/Binaries/Win64/UE4Editor-MobilePatchingUtils.dll (API version 3709383).
LogModuleManager: Display: Found up-to-date module file ../../../Engine/Plugins/Runtime/Oculus/OculusVR/Binaries/Win64/UE4Editor-OculusHMD.dll (API version 3709383).
LogModuleManager: Display: Found up-to-date module file ../../../Engine/Plugins/Runtime/Oculus/OculusVR/Binaries/Win64/UE4Editor-OculusInput.dll (API version 3709383).
LogModuleManager: Display: Found up-to-date module file ../../../Engine/Plugins/Runtime/Oculus/OculusVR/Binaries/Win64/UE4Editor-OculusEditor.dll (API version 3709383).
LogModuleManager: Display: Found up-to-date module file ../../../Engine/Plugins/Runtime/PhysXVehicles/Binaries/Win64/UE4Editor-PhysXVehicles.dll (API version 3709383).
LogModuleManager: Display: Found up-to-date module file ../../../Engine/Plugins/Runtime/PhysXVehicles/Binaries/Win64/UE4Editor-PhysXVehiclesEditor.dll (API version 3709383).
LogModuleManager: Display: Found up-to-date module file ../../../Engine/Plugins/Runtime/ProceduralMeshComponent/Binaries/Win64/UE4Editor-ProceduralMeshComponent.dll (API version 3709383).
LogModuleManager: Display: Found up-to-date module file ../../../Engine/Plugins/Runtime/ProceduralMeshComponent/Binaries/Win64/UE4Editor-ProceduralMeshComponentEditor.dll (API version 3709383).
LogModuleManager: Display: Found up-to-date module file ../../../Engine/Plugins/Runtime/RuntimePhysXCooking/Binaries/Win64/UE4Editor-RuntimePhysXCooking.dll (API version 3709383).
LogModuleManager: Display: Found up-to-date module file ../../../Engine/Plugins/Runtime/Steam/SteamVR/Binaries/Win64/UE4Editor-SteamVR.dll (API version 3709383).
LogModuleManager: Display: Found up-to-date module file ../../../Engine/Plugins/Runtime/Steam/SteamVR/Binaries/Win64/UE4Editor-SteamVRController.dll (API version 3709383).
LogModuleManager: Display: Found up-to-date module file ../../../Engine/Plugins/Runtime/WindowsMoviePlayer/Binaries/Win64/UE4Editor-WindowsMoviePlayer.dll (API version 3709383).
LogPluginManager: Mounting plugin Paper2D
LogPluginManager: Mounting plugin LightPropagationVolume
LogPluginManager: Mounting plugin CodeLiteSourceCodeAccess
LogPluginManager: Mounting plugin GitSourceControl
LogPluginManager: Mounting plugin KDevelopSourceCodeAccess
LogPluginManager: Mounting plugin NullSourceCodeAccess
LogPluginManager: Mounting plugin PerforceSourceControl
LogPluginManager: Mounting plugin SubversionSourceControl
LogPluginManager: Mounting plugin UObjectPlugin
LogPluginManager: Mounting plugin VisualStudioCodeSourceCodeAccess
LogPluginManager: Mounting plugin VisualStudioSourceCodeAccess
LogPluginManager: Mounting plugin XCodeSourceCodeAccess
LogPluginManager: Mounting plugin AssetManagerEditor
LogPluginManager: Mounting plugin AudioCapture
LogPluginManager: Mounting plugin FacialAnimation
LogPluginManager: Mounting plugin GameplayTagsEditor
LogPluginManager: Mounting plugin MobileLauncherProfileWizard
LogPluginManager: Mounting plugin PluginBrowser
LogPluginManager: Mounting plugin SpeedTreeImporter
LogPluginManager: Mounting plugin AlembicImporter
LogPluginManager: Mounting plugin CharacterAI
LogPluginManager: Mounting plugin HTML5Networking
LogPluginManager: Mounting plugin AndroidMedia
LogPluginManager: Mounting plugin AvfMedia
LogPluginManager: Mounting plugin ImgMedia
LogPluginManager: Mounting plugin MediaCompositing
LogPluginManager: Mounting plugin MediaPlayerEditor
LogPluginManager: Mounting plugin WmfMedia
LogPluginManager: Mounting plugin TcpMessaging
LogPluginManager: Mounting plugin UdpMessaging
LogPluginManager: Mounting plugin ActorSequence
LogPluginManager: Mounting plugin LevelSequenceEditor
LogPluginManager: Mounting plugin MatineeToLevelSequence
LogPluginManager: Mounting plugin OnlineSubsystemGooglePlay
LogPluginManager: Mounting plugin OnlineSubsystemIOS
LogPluginManager: Mounting plugin OnlineSubsystem
LogPluginManager: Mounting plugin OnlineSubsystemNull
LogPluginManager: Mounting plugin OnlineSubsystemUtils
LogPluginManager: Mounting plugin AndroidDeviceProfileSelector
LogPluginManager: Mounting plugin AndroidMoviePlayer
LogPluginManager: Mounting plugin AndroidPermission
LogPluginManager: Mounting plugin AppleARKit
LogPluginManager: Mounting plugin AppleMoviePlayer
LogPluginManager: Mounting plugin ArchVisCharacter
LogPluginManager: Mounting plugin CableComponent
LogPluginManager: Mounting plugin CustomMeshComponent
LogPluginManager: Mounting plugin ExampleDeviceProfileSelector
LogPluginManager: Mounting plugin GoogleCloudMessaging
LogPluginManager: Mounting plugin ImmediatePhysics
LogPluginManager: Mounting plugin IOSDeviceProfileSelector
LogPluginManager: Mounting plugin LinuxDeviceProfileSelector
LogPluginManager: Mounting plugin LocationServicesBPLibrary
LogPluginManager: Mounting plugin MobilePatchingUtils
LogPluginManager: Mounting plugin OculusVR
LogPluginManager: Plugin shader directory ../../../Engine/Plugins/Runtime/Oculus/OculusVR/Shaders found
LogPluginManager: Mapping shader source directory ../../../Engine/Plugins/Runtime/Oculus/OculusVR/Shaders to virtual directory /Plugin/OculusVR
LogPluginManager: Mounting plugin PhysXVehicles
LogPluginManager: Mounting plugin ProceduralMeshComponent
LogPluginManager: Mounting plugin RuntimePhysXCooking
LogPluginManager: Mounting plugin SteamVR
LogPluginManager: Mounting plugin WindowsMoviePlayer
LogInit: Using libcurl 7.47.1
LogInit:  - built for x86_64-pc-win32
LogInit:  - supports SSL with OpenSSL/1.0.2g
LogInit:  - supports HTTP deflate (compression) using libz 1.2.8
LogInit:  - other features:
LogInit:      CURL_VERSION_SSL
LogInit:      CURL_VERSION_LIBZ
LogInit:      CURL_VERSION_IPV6
LogInit:      CURL_VERSION_ASYNCHDNS
LogInit:      CURL_VERSION_LARGEFILE
LogInit:      CURL_VERSION_IDN
LogInit:  CurlRequestOptions (configurable via config and command line):
LogInit:  - bVerifyPeer = false  - Libcurl will NOT verify peer certificate
LogInit:  - bUseHttpProxy = false  - Libcurl will NOT use HTTP proxy
LogInit:  - bDontReuseConnections = false  - Libcurl will reuse connections
LogInit:  - CertBundlePath = nullptr  - Libcurl will use whatever was configured at build time.
LogInit: Build: ++UE4+Release-4.18-CL-3794801
LogInit: Engine Version: 4.18.2-3794801+++UE4+Release-4.18
LogInit: Compatible Engine Version: 4.18.0-3709383+++UE4+Release-4.18
LogInit: Net CL: 3709383
LogDevObjectVersion: Number of dev versions registered: 16
LogDevObjectVersion:   Dev-Blueprints (B0D832E4-1F89-4F0D-ACCF-7EB736FD4AA2): 10
LogDevObjectVersion:   Dev-Build (E1C64328-A22C-4D53-A36C-8E866417BD8C): 0
LogDevObjectVersion:   Dev-Core (375EC13C-06E4-48FB-B500-84F0262A717E): 2
LogDevObjectVersion:   Dev-Editor (E4B068ED-F494-42E9-A231-DA0B2E46BB41): 20
LogDevObjectVersion:   Dev-Framework (CFFC743F-43B0-4480-9391-14DF171D2073): 30
LogDevObjectVersion:   Dev-Mobile (B02B49B5-BB20-44E9-A304-32B752E40360): 0
LogDevObjectVersion:   Dev-Networking (A4E4105C-59A1-49B5-A7C5-40C4547EDFEE): 0
LogDevObjectVersion:   Dev-Online (39C831C9-5AE6-47DC-9A44-9C173E1C8E7C): 0
LogDevObjectVersion:   Dev-Physics (78F01B33-EBEA-4F98-B9B4-84EACCB95AA2): 0
LogDevObjectVersion:   Dev-Platform (6631380F-2D4D-43E0-8009-CF276956A95A): 0
LogDevObjectVersion:   Dev-Rendering (12F88B9F-8875-4AFC-A67C-D90C383ABD29): 20
LogDevObjectVersion:   Dev-Sequencer (7B5AE74C-D270-4C10-A958-57980B212A5A): 4
LogDevObjectVersion:   Dev-VR (D7296918-1DD6-4BDD-9DE2-64A83CC13884): 0
LogDevObjectVersion:   Dev-LoadTimes (C2A15278-BFE7-4AFE-6C17-90FF531DF755): 1
LogDevObjectVersion:   Private-Geometry (6EACA3D4-40EC-4CC1-B786-8BED09428FC5): 1
LogDevObjectVersion:   Dev-AnimPhys (29E575DD-E0A3-4627-9D10-D276232CDCEA): 12
LogInit: Compiled (64-bit): Dec  8 2017 02:04:53
LogInit: Compiled with Visual C++: 19.00.24215.01
LogInit: Build Configuration: Development
LogInit: Branch Name: ++UE4+Release-4.18
LogInit: Command line:  
LogInit: Base directory: D:/EpicGames/UE_4.18/Engine/Binaries/Win64/
LogInit: Installed Engine Build: 1
LogInit: Presizing for max 8388607 objects, including 0 objects not considered by GC, pre-allocating 0 bytes for permanent pool.
LogInit: Object subsystem initialized
[2018.01.14-02.50.01:299][  0]LogInit: Selected Device Profile: [Windows]
[2018.01.14-02.50.01:299][  0]LogInit: Applying CVar settings loaded from the selected device profile: [Windows]
[2018.01.14-02.50.01:307][  0]LogInit: Computer: DESKTOP-DIJL62K
[2018.01.14-02.50.01:307][  0]LogInit: User: Administrator
[2018.01.14-02.50.01:307][  0]LogInit: CPU Page size=4096, Cores=4
[2018.01.14-02.50.01:307][  0]LogInit: High frequency timer resolution =3.328128 MHz
[2018.01.14-02.50.01:307][  0]LogMemory: Memory total: Physical=16.0GB (16GB approx)
[2018.01.14-02.50.01:307][  0]LogMemory: Platform Memory Stats for Windows
[2018.01.14-02.50.01:307][  0]LogMemory: Process Physical Memory: 273.69 MB used, 273.69 MB peak
[2018.01.14-02.50.01:307][  0]LogMemory: Process Virtual Memory: 269.73 MB used, 269.73 MB peak
[2018.01.14-02.50.01:307][  0]LogMemory: Physical Memory: 4749.93 MB used,  11596.62 MB free, 16346.55 MB total
[2018.01.14-02.50.01:307][  0]LogMemory: Virtual Memory: 677.32 MB used,  11596.62 MB free, 134217728.00 MB total
[2018.01.14-02.50.01:411][  0]LogInit: Using OS detected language (ko-KR).
[2018.01.14-02.50.01:411][  0]LogInit: Using OS detected locale (ko-KR).
[2018.01.14-02.50.01:415][  0]LogTextLocalizationManager: No specific localization for 'ko-KR' exists, so the 'ko' localization will be used.
[2018.01.14-02.50.01:571][  0]LogInit: Setting process to per monitor DPI aware
[2018.01.14-02.50.01:901][  0]LogD3D11RHI: D3D11 adapters:
[2018.01.14-02.50.01:950][  0]LogD3D11RHI:    0. 'NVIDIA GeForce GTX 1080' (Feature Level 11_0)
[2018.01.14-02.50.01:950][  0]LogD3D11RHI:       8086/0/8173 MB DedicatedVideo/DedicatedSystem/SharedSystem, Outputs:2, VendorId:0x10de
[2018.01.14-02.50.01:952][  0]LogD3D11RHI:    1. 'Microsoft Basic Render Driver' (Feature Level 11_0)
[2018.01.14-02.50.01:952][  0]LogD3D11RHI:       0/0/8173 MB DedicatedVideo/DedicatedSystem/SharedSystem, Outputs:0, VendorId:0x1414
[2018.01.14-02.50.01:952][  0]LogD3D11RHI: Chosen D3D11 Adapter: 0
[2018.01.14-02.50.01:957][  0]LogD3D11RHI: Creating new Direct3DDevice
[2018.01.14-02.50.01:957][  0]LogD3D11RHI:     GPU DeviceId: 0x1b80 (for the marketing name, search the web for "GPU Device Id")
[2018.01.14-02.50.01:957][  0]LogWindows: EnumDisplayDevices:
[2018.01.14-02.50.01:958][  0]LogWindows:    0. 'NVIDIA GeForce GTX 1080' (P:0 D:1)
[2018.01.14-02.50.01:958][  0]LogWindows:    1. 'NVIDIA GeForce GTX 1080' (P:1 D:1)
[2018.01.14-02.50.01:958][  0]LogWindows:    2. 'NVIDIA GeForce GTX 1080' (P:0 D:0)
[2018.01.14-02.50.01:959][  0]LogWindows:    3. 'NVIDIA GeForce GTX 1080' (P:0 D:0)
[2018.01.14-02.50.01:959][  0]LogWindows: DebugString: GetVideoDriverDetailsInvalid PrimaryIsNotTheChoosenAdapter GetVideoDriverDetailsInvalid PrimaryIsNotTheChoosenAdapter GetVideoDriverDetailsInvalid PrimaryIsNotTheChoosenAdapter GetVideoDriverDetailsInvalid PrimaryIsNotTheChoosenAdapter FoundDriverCount:0 
[2018.01.14-02.50.01:959][  0]LogD3D11RHI:     Adapter Name: NVIDIA GeForce GTX 1080
[2018.01.14-02.50.01:959][  0]LogD3D11RHI:   Driver Version: Unknown (internal:Unknown, unified:Unknown)
[2018.01.14-02.50.01:959][  0]LogD3D11RHI:      Driver Date: Unknown
[2018.01.14-02.50.01:959][  0]LogRHI: Texture pool is 5660 MB (70% of 8086 MB)
[2018.01.14-02.50.01:985][  0]LogD3D11RHI: Async texture creation enabled
[2018.01.14-02.50.01:996][  0]LogD3D11RHI: GPU Timing Frequency: 1000.000000 (Debug: 2 1)
[2018.01.14-02.50.02:089][  0]LogShaderCompilers: Guid format shader working directory is -8 characters bigger than the processId version (C:/Users/Administrator/Documents/Unreal Projects/UMG_Practice/Intermediate/Shaders/WorkingDirectory/11528/).
[2018.01.14-02.50.02:090][  0]LogShaderCompilers: Cleaned the shader compiler working directory 'C:/Users/Administrator/AppData/Local/Temp/UnrealShaderWorkingDir/5F4438D24C1C18AE7504F38BEC22A7BE/'.
[2018.01.14-02.50.02:090][  0]LogShaderCompilers: Display: Using Local Shader Compiler.
[2018.01.14-02.50.02:981][  0]LogTemp: Display: Loaded TP AllDesktopTargetPlatform
[2018.01.14-02.50.03:021][  0]LogTemp: Display: Loaded TP MacClientTargetPlatform
[2018.01.14-02.50.03:059][  0]LogTemp: Display: Loaded TP MacNoEditorTargetPlatform
[2018.01.14-02.50.03:098][  0]LogTemp: Display: Loaded TP MacServerTargetPlatform
[2018.01.14-02.50.03:139][  0]LogTemp: Display: Loaded TP MacTargetPlatform
[2018.01.14-02.50.03:179][  0]LogTemp: Display: Loaded TP WindowsClientTargetPlatform
[2018.01.14-02.50.03:217][  0]LogTemp: Display: Loaded TP WindowsNoEditorTargetPlatform
[2018.01.14-02.50.03:257][  0]LogTemp: Display: Loaded TP WindowsServerTargetPlatform
[2018.01.14-02.50.03:290][  0]LogTemp: Display: Loaded TP WindowsTargetPlatform
[2018.01.14-02.50.03:327][  0]LogTemp: Display: Loaded TP Android_ASTCTargetPlatform
[2018.01.14-02.50.03:366][  0]LogTemp: Display: Loaded TP Android_ATCTargetPlatform
[2018.01.14-02.50.03:406][  0]LogTemp: Display: Loaded TP Android_DXTTargetPlatform
[2018.01.14-02.50.03:444][  0]LogTemp: Display: Loaded TP Android_ETC1TargetPlatform
[2018.01.14-02.50.03:483][  0]LogTemp: Display: Loaded TP Android_ETC2TargetPlatform
[2018.01.14-02.50.03:559][  0]LogTemp: Display: Loaded TP Android_MultiTargetPlatform
[2018.01.14-02.50.03:559][  0]LogTemp: Display: Loaded TP Android_PVRTCTargetPlatform
[2018.01.14-02.50.03:597][  0]LogTemp: Display: Loaded TP AndroidTargetPlatform
[2018.01.14-02.50.03:627][  0]LogTemp: Display: Loaded TP HTML5TargetPlatform
[2018.01.14-02.50.03:698][  0]LogTemp: Display: Loaded TP IOSTargetPlatform
[2018.01.14-02.50.03:718][  0]LogTemp: Display: Loaded TP TVOSTargetPlatform
[2018.01.14-02.50.03:757][  0]LogTemp: Display: Loaded TP LinuxClientTargetPlatform
[2018.01.14-02.50.03:796][  0]LogTemp: Display: Loaded TP LinuxNoEditorTargetPlatform
[2018.01.14-02.50.03:834][  0]LogTemp: Display: Loaded TP LinuxServerTargetPlatform
[2018.01.14-02.50.03:872][  0]LogTemp: Display: Loaded TP LinuxTargetPlatform
[2018.01.14-02.50.03:872][  0]LogTargetPlatformManager: Display: Building Assets For Windows
[2018.01.14-02.50.04:197][  0]LogDerivedDataCache: Display: Max Cache Size: 512 MB
[2018.01.14-02.50.04:251][  0]LogDerivedDataCache: Loaded boot cache 0.05s 78MB C:/Users/Administrator/AppData/Local/UnrealEngine/4.18/DerivedDataCache/Boot.ddc.
[2018.01.14-02.50.04:251][  0]LogDerivedDataCache: Display: Loaded Boot cache: C:/Users/Administrator/AppData/Local/UnrealEngine/4.18/DerivedDataCache/Boot.ddc
[2018.01.14-02.50.04:251][  0]LogDerivedDataCache: FDerivedDataBackendGraph:  Pak pak cache file C:/Users/Administrator/Documents/Unreal Projects/UMG_Practice/DerivedDataCache/DDC.ddp not found, will not use a pak cache.
[2018.01.14-02.50.04:251][  0]LogDerivedDataCache: Unable to find inner node Pak for hierarchical cache Hierarchy.
[2018.01.14-02.50.04:251][  0]LogDerivedDataCache: FDerivedDataBackendGraph:  CompressedPak pak cache file C:/Users/Administrator/Documents/Unreal Projects/UMG_Practice/DerivedDataCache/Compressed.ddp not found, will not use a pak cache.
[2018.01.14-02.50.04:251][  0]LogDerivedDataCache: Unable to find inner node CompressedPak for hierarchical cache Hierarchy.
[2018.01.14-02.50.04:265][  0]LogDerivedDataCache: Display: Pak cache opened for reading ../../../Engine/DerivedDataCache/Compressed.ddp.
[2018.01.14-02.50.04:278][  0]LogDerivedDataCache: Using Local data cache path C:/Users/Administrator/AppData/Local/UnrealEngine/Common/DerivedDataCache: Writable
[2018.01.14-02.50.04:286][  0]LogMaterial: Verifying Global Shaders for PCD3D_SM5
[2018.01.14-02.50.04:287][  0]LogSlate: Using Freetype 2.6.0
[2018.01.14-02.50.04:287][  0]LogSlate: SlateFontCache - WITH_FREETYPE: 1, WITH_HARFBUZZ: 1
[2018.01.14-02.50.04:287][  0]LogSlate: SlateFontCache - WITH_FREETYPE: 1, WITH_HARFBUZZ: 1
[2018.01.14-02.50.04:624][  0]LogInit: Selected Device Profile: [Windows]
[2018.01.14-02.50.04:883][  0]LogSimplygon: Simplygon DLL not present - disabling.
[2018.01.14-02.50.04:912][  0]LogMeshReduction: Using SimplygonSwarm for distributed automatic mesh merging
[2018.01.14-02.50.04:912][  0]LogMeshReduction: Using QuadricMeshReduction for automatic static mesh reduction
[2018.01.14-02.50.04:912][  0]LogMeshReduction: No automatic skeletal mesh reduction module available
[2018.01.14-02.50.04:912][  0]LogMeshReduction: No automatic mesh merging module available
[2018.01.14-02.50.04:912][  0]LogMeshMerging: No automatic mesh merging module available
[2018.01.14-02.50.04:947][  0]LogNetVersion: UMG_Practice , NetCL: 3709383, EngineNetVer: 2, GameNetVer: 0 (Checksum: 1776136475)
[2018.01.14-02.50.05:088][  0]LogAssetRegistry: FAssetRegistry took 0.0252 seconds to start up
[2018.01.14-02.50.05:550][  0]LogPackageLocalizationCache: Processed 7 localized package path(s) for 2 prioritized culture(s) in 0.077338 seconds
[2018.01.14-02.50.05:555][  0]LogUObjectArray: 35900 objects as part of root set at end of initial load.
[2018.01.14-02.50.05:555][  0]LogUObjectAllocator: 7372016 out of 0 bytes used by permanent object pool.
[2018.01.14-02.50.05:555][  0]LogUObjectArray: CloseDisregardForGC: 0/0 objects in disregard for GC pool
[2018.01.14-02.50.05:590][  0]LogInit: WinSock: version 1.1 (2.2), MaxSocks=32767, MaxUdp=65467
[2018.01.14-02.50.08:247][  0]LogTcpMessaging: Initializing TcpMessaging bridge
[2018.01.14-02.50.08:285][  0]LogUdpMessaging: Initializing bridge on interface 0.0.0.0:0 to multicast group 230.0.0.1:6666.
[2018.01.14-02.50.08:858][  0]LogMaterial: Uniform references updated for custom material expression Custom.
[2018.01.14-02.50.09:222][  0]SourceControl: 소스 콘트롤이 꺼졌습니다.
[2018.01.14-02.50.09:222][  0]SourceControl: 소스 콘트롤이 꺼졌습니다.
[2018.01.14-02.50.09:267][  0]SourceControl: 소스 콘트롤이 꺼졌습니다.
[2018.01.14-02.50.09:311][  0]SourceControl: 소스 콘트롤이 꺼졌습니다.
[2018.01.14-02.50.09:987][  0]LogAndroidPermission: UAndroidPermissionCallbackProxy::GetInstance
[2018.01.14-02.50.10:210][  0]LogOcInput: OculusInput pre-init called
[2018.01.14-02.50.10:450][  0]LogEngine: Initializing Engine...
[2018.01.14-02.50.10:453][  0]LogHMD: Failed to initialize OpenVR with code 102
[2018.01.14-02.50.10:625][  0]LogStats: UGameplayTagsManager::ConstructGameplayTagTree: Construct from data asset -  0.000 s
[2018.01.14-02.50.10:625][  0]LogStats: UGameplayTagsManager::ConstructGameplayTagTree: GameplayTagTreeChangedEvent.Broadcast -  0.000 s
[2018.01.14-02.50.10:723][  0]LogAIModule: Creating AISystem for world Untitled
[2018.01.14-02.50.10:755][  0]LogInit: XAudio2 using '스피커(High Definition Audio 장치)' : 2 channels at 44.1 kHz using 16 bits per sample (channel mask 0x3)
[2018.01.14-02.50.10:781][  0]LogInit: FAudioDevice initialized.
[2018.01.14-02.50.10:854][  0]LogDerivedDataCache: Saved boot cache 0.07s 78MB C:/Users/Administrator/AppData/Local/UnrealEngine/4.18/DerivedDataCache/Boot.ddc.
[2018.01.14-02.50.10:865][  0]LogInit: Texture streaming: Enabled
[2018.01.14-02.50.10:932][  0]LogEngineSessionManager: EngineSessionManager initialized
[2018.01.14-02.50.11:023][  0]LogInit: Transaction tracking system initialized
[2018.01.14-02.50.11:363][  0]BlueprintLog: New page: 에디터 로드
[2018.01.14-02.50.12:110][  0]LocalizationService: 현지화 서비스가 비활성화되었습니다.
[2018.01.14-02.50.12:668][  0]LogConsoleResponse: Display: 
[2018.01.14-02.50.12:819][  0]LogCook: Display: Max memory allowance for cook 16384mb min free memory 0mb
[2018.01.14-02.50.12:819][  0]LogCook: Display: Mobile HDR setting 1
[2018.01.14-02.50.12:819][  0]LogGameplayTags: Display: UGameplayTagsManager::DoneAddingNativeTags. DelegateIsBound: 0
[2018.01.14-02.50.13:163][  0]LogFileCache: Scanning file cache for directory 'C:/Users/Administrator/Documents/Unreal Projects/UMG_Practice/Content/' took 0.01s
[2018.01.14-02.50.13:808][  0]SourceControl: 소스 콘트롤이 꺼졌습니다.
[2018.01.14-02.50.13:808][  0]Cmd: MAP LOAD FILE="C:/Users/Administrator/Documents/Unreal Projects/UMG_Practice/Content/Level/First.umap" TEMPLATE=0 SHOWPROGRESS=1 FEATURELEVEL=3
[2018.01.14-02.50.13:809][  0]LightingResults: New page: 라이팅 빌드
[2018.01.14-02.50.13:844][  0]MapCheck: New page: 맵 체크
[2018.01.14-02.50.13:844][  0]LightingResults: New page: 라이팅 빌드
[2018.01.14-02.50.13:954][  0]LogAIModule: Creating AISystem for world First
[2018.01.14-02.50.13:957][  0]LogEditorServer: Finished looking for orphan Actors (0.000 secs)
[2018.01.14-02.50.13:966][  0]Cmd: MAP CHECKDEP NOCLEARLOG
[2018.01.14-02.50.14:040][  0]MapCheck: 맵 체크 완료: 오류 0 회, 경고 0 회, 소요 시간 74.804ms.
[2018.01.14-02.50.14:041][  0]LogFileHelpers: Loading map 'First' took 0.232
[2018.01.14-02.50.14:183][  0]LogCollectionManager: Loaded 0 collections in 0.001173 seconds
[2018.01.14-02.50.14:260][  0]LogFileCache: Scanning file cache for directory 'C:/Users/Administrator/Documents/Unreal Projects/UMG_Practice/Saved/Collections/' took 0.01s
[2018.01.14-02.50.14:260][  0]LogFileCache: Scanning file cache for directory 'C:/Users/Administrator/Documents/Unreal Projects/UMG_Practice/Content/Developers/Administrator/Collections/' took 0.01s
[2018.01.14-02.50.14:260][  0]LogFileCache: Scanning file cache for directory 'C:/Users/Administrator/Documents/Unreal Projects/UMG_Practice/Content/Collections/' took 0.01s
[2018.01.14-02.50.14:260][  0]LogCollectionManager: Rebuilt the GUID cache for 0 collections in 0.000000 seconds
[2018.01.14-02.50.14:268][  0]LogContentBrowser: Native class hierarchy populated in 0.0074 seconds. Added 2363 classes and 519 folders.
[2018.01.14-02.50.14:321][  0]LogContentBrowser: Native class hierarchy updated for 'WidgetCarousel' in 0.0003 seconds. Added 0 classes and 0 folders.
[2018.01.14-02.50.14:371][  0]LogContentBrowser: Native class hierarchy updated for 'AddContentDialog' in 0.0003 seconds. Added 0 classes and 0 folders.
[2018.01.14-02.50.14:410][  0]LogContentBrowser: Native class hierarchy updated for 'WorldBrowser' in 0.0002 seconds. Added 2 classes and 3 folders.
[2018.01.14-02.50.14:447][  0]LogContentBrowser: Native class hierarchy updated for 'SceneOutliner' in 0.0002 seconds. Added 1 classes and 2 folders.
[2018.01.14-02.50.14:509][  0]LogSlate: Took 0.000295 seconds to synchronously load lazily loaded font '../../../Engine/Content/Slate/Fonts/Roboto-Regular.ttf' (155K)
[2018.01.14-02.50.14:512][  0]LogSlate: Took 0.002101 seconds to synchronously load lazily loaded font '../../../Engine/Content/Slate/Fonts/NanumGothic.ttf' (4243K)
[2018.01.14-02.50.14:512][  0]LogSlate: Took 0.000231 seconds to synchronously load lazily loaded font '../../../Engine/Content/Slate/Fonts/Roboto-Bold.ttf' (160K)
[2018.01.14-02.50.14:520][  0]LogSlate: Took 0.000344 seconds to synchronously load lazily loaded font '../../../Engine/Content/Editor/Slate/Fonts/FontAwesome.ttf' (139K)
[2018.01.14-02.50.14:609][  0]LogRenderer: Reallocating scene render targets to support 1244x616 Format 10 NumSamples 1 (Frame:1).
[2018.01.14-02.50.14:757][  0]LogContentBrowser: Native class hierarchy updated for 'HierarchicalLODOutliner' in 0.0002 seconds. Added 1 classes and 2 folders.
[2018.01.14-02.50.14:758][  0]LogLoad: (Engine Initialization) Total time: 15.62 seconds
[2018.01.14-02.50.14:758][  0]LogLoad: (Engine Initialization) Total Blueprint compile time: 0.00 seconds
[2018.01.14-02.50.14:758][  0]LogExternalProfiler: Found external profiler: VSPerf
[2018.01.14-02.50.14:758][  0]LogExternalProfiler: Using external profiler: VSPerf
[2018.01.14-02.50.15:118][  0]LogAssetRegistry: Asset discovery search completed in 10.0510 seconds
[2018.01.14-02.50.15:120][  0]LogCollectionManager: Rebuilt the object cache for 0 collections in 0.000001 seconds (found 0 objects)
[2018.01.14-02.50.15:120][  0]LogCollectionManager: Fixed up redirectors for 0 collections in 0.000057 seconds (updated 0 objects)
[2018.01.14-02.50.15:122][  0]LogContentStreaming: Texture pool size now 1000 MB
[2018.01.14-02.50.15:170][  0]LogSlate: Took 0.000230 seconds to synchronously load lazily loaded font '../../../Engine/Content/Slate/Fonts/Roboto-Light.ttf' (159K)
[2018.01.14-02.50.16:105][  3]LogSlate: Took 0.000280 seconds to synchronously load lazily loaded font '../../../Engine/Content/Slate/Fonts/Roboto-Light.ttf' (159K)
[2018.01.14-02.50.39:737][185]LogSlate: Took 0.000221 seconds to synchronously load lazily loaded font '../../../Engine/Content/Slate/Fonts/Roboto-Light.ttf' (159K)
[2018.01.14-02.50.40:062][185]LogContentBrowser: Native class hierarchy updated for 'BlueprintGraph' in 0.0005 seconds. Added 116 classes and 0 folders.
[2018.01.14-02.50.41:081][185]LogSlate: Took 0.000239 seconds to synchronously load lazily loaded font '../../../Engine/Content/Editor/Slate/Fonts/Roboto-BoldCondensed.ttf' (158K)
[2018.01.14-02.50.41:181][185]LogRenderer: Reallocating scene render targets to support 1528x920 Format 10 NumSamples 1 (Frame:1).
[2018.01.14-02.51.06:002][961]BlueprintLog: New page: Inventory 컴파일
[2018.01.14-02.51.06:132][961]Cmd: OBJ SAVEPACKAGE PACKAGE="/Game/UMG/Inventory" FILE="C:/Users/Administrator/Documents/Unreal Projects/UMG_Practice/Content/UMG/Inventory.uasset" SILENT=true
[2018.01.14-02.51.06:158][961]LogSavePackage: Save=20.16ms
[2018.01.14-02.51.06:158][961]LogSavePackage: Moving 'C:/Users/Administrator/Documents/Unreal Projects/UMG_Practice/Saved/Inventory9DE15E654071D5186BBE14B5E7C7AA85.tmp' to 'C:/Users/Administrator/Documents/Unreal Projects/UMG_Practice/Content/UMG/Inventory.uasset'
[2018.01.14-02.51.06:162][961]LogSavePackage: Display: Finished SavePackage C:/Users/Administrator/Documents/Unreal Projects/UMG_Practice/Content/UMG/Inventory.uasset
[2018.01.14-02.51.12:199][378]LogTemp: Repeating last play command: 선택된 뷰포트
[2018.01.14-02.51.12:228][378]LogBlueprintUserMessages: Early PlayInEditor Detection: Level '/Game/Level/First.First:PersistentLevel' has LevelScriptBlueprint '/Game/Level/First.First:PersistentLevel.First' with GeneratedClass '/Game/Level/First.First_C' with ClassGeneratedBy '/Game/Level/First.First:PersistentLevel.First'
[2018.01.14-02.51.12:229][378]LogPlayLevel: PlayLevel: No blueprints needed recompiling
[2018.01.14-02.51.12:229][378]PIE: New page: PIE 세션: First (2018. 1. 14. 오후 8:51:12)
[2018.01.14-02.51.12:229][378]LogPlayLevel: Creating play world package: /Game/Level/UEDPIE_0_First
[2018.01.14-02.51.12:230][378]LogPlayLevel: PIE: StaticDuplicateObject took: (0.001015s)
[2018.01.14-02.51.12:231][378]LogAIModule: Creating AISystem for world First
[2018.01.14-02.51.12:231][378]LogPlayLevel: PIE: World Init took: (0.000826s)
[2018.01.14-02.51.12:231][378]LogPlayLevel: PIE: Created PIE world by copying editor world from /Game/Level/First.First to /Game/Level/UEDPIE_0_First.First (0.002202s)
[2018.01.14-02.51.12:276][378]LogInit: XAudio2 using '스피커(High Definition Audio 장치)' : 2 channels at 44.1 kHz using 16 bits per sample (channel mask 0x3)
[2018.01.14-02.51.12:292][378]LogInit: FAudioDevice initialized.
[2018.01.14-02.51.12:336][378]LogLoad: Game class is 'GameMode'
[2018.01.14-02.51.12:337][378]LogWorld: Bringing World /Game/Level/UEDPIE_0_First.First up for play (max tick rate 0) at 2018.01.14-11.51.12
[2018.01.14-02.51.12:337][378]LogWorld: Bringing up level for play took: 0.000410
[2018.01.14-02.51.12:369][378]LogContentBrowser: Native class hierarchy updated for 'MovieSceneCapture' in 0.0002 seconds. Added 11 classes and 0 folders.
[2018.01.14-02.51.12:369][378]LogGameMode: Display: Match State Changed from EnteringMap to WaitingToStart
[2018.01.14-02.51.12:369][378]LogGameState: Match State Changed from EnteringMap to WaitingToStart
[2018.01.14-02.51.12:369][378]LogGameMode: Display: Match State Changed from WaitingToStart to InProgress
[2018.01.14-02.51.12:372][378]LogGameState: Match State Changed from WaitingToStart to InProgress
[2018.01.14-02.51.12:372][378]PIE: /Game/Level/UEDPIE_0_First 에 대한 에디터에서 플레이 시작 시간: -0.294
[2018.01.14-02.51.12:372][378]LogBlueprintUserMessages: Late PlayInEditor Detection: Level '/Game/Level/First.First:PersistentLevel' has LevelScriptBlueprint '/Game/Level/First.First:PersistentLevel.First' with GeneratedClass '/Game/Level/First.First_C' with ClassGeneratedBy '/Game/Level/First.First:PersistentLevel.First'
[2018.01.14-02.51.16:258][704]LogBlueprintUserMessages: Early EndPlayMap Detection: Level '/Game/Level/First.First:PersistentLevel' has LevelScriptBlueprint '/Game/Level/First.First:PersistentLevel.First' with GeneratedClass '/Game/Level/First.First_C' with ClassGeneratedBy '/Game/Level/First.First:PersistentLevel.First'
[2018.01.14-02.51.16:293][704]LogBlueprintUserMessages: Late EndPlayMap Detection: Level '/Game/Level/First.First:PersistentLevel' has LevelScriptBlueprint '/Game/Level/First.First:PersistentLevel.First' with GeneratedClass '/Game/Level/First.First_C' with ClassGeneratedBy '/Game/Level/First.First:PersistentLevel.First'
[2018.01.14-02.53.01:386][404]BlueprintLog: New page: Inventory 컴파일
[2018.01.14-02.53.01:518][404]Cmd: OBJ SAVEPACKAGE PACKAGE="/Game/UMG/Inventory" FILE="C:/Users/Administrator/Documents/Unreal Projects/UMG_Practice/Content/UMG/Inventory.uasset" SILENT=true
[2018.01.14-02.53.01:544][404]LogSavePackage: Save=20.41ms
[2018.01.14-02.53.01:544][404]LogSavePackage: Moving 'C:/Users/Administrator/Documents/Unreal Projects/UMG_Practice/Saved/InventoryBBC9909E410BB9857B34639580A140CF.tmp' to 'C:/Users/Administrator/Documents/Unreal Projects/UMG_Practice/Content/UMG/Inventory.uasset'
[2018.01.14-02.53.01:548][404]LogSavePackage: Display: Finished SavePackage C:/Users/Administrator/Documents/Unreal Projects/UMG_Practice/Content/UMG/Inventory.uasset
[2018.01.14-02.53.28:331][503]Cmd: OBJ SAVEPACKAGE PACKAGE="/Game/Resource/Sprites/Panel_MidLeft" FILE="C:/Users/Administrator/Documents/Unreal Projects/UMG_Practice/Content/Resource/Sprites/Panel_MidLeft.uasset" SILENT=true
[2018.01.14-02.53.28:343][503]LogSavePackage: Save=4.73ms
[2018.01.14-02.53.28:343][503]LogSavePackage: Moving 'C:/Users/Administrator/Documents/Unreal Projects/UMG_Practice/Saved/Panel_MidLeftC0E7D1B2458B300398DAC3B5552213D5.tmp' to 'C:/Users/Administrator/Documents/Unreal Projects/UMG_Practice/Content/Resource/Sprites/Panel_MidLeft.uasset'
[2018.01.14-02.53.28:347][503]LogSavePackage: Display: Finished SavePackage C:/Users/Administrator/Documents/Unreal Projects/UMG_Practice/Content/Resource/Sprites/Panel_MidLeft.uasset
[2018.01.14-02.53.39:046][621]Cmd: OBJ SAVEPACKAGE PACKAGE="/Game/Resource/Sprites/Panel_MidRight" FILE="C:/Users/Administrator/Documents/Unreal Projects/UMG_Practice/Content/Resource/Sprites/Panel_MidRight.uasset" SILENT=true
[2018.01.14-02.53.39:059][621]LogSavePackage: Save=4.98ms
[2018.01.14-02.53.39:059][621]LogSavePackage: Moving 'C:/Users/Administrator/Documents/Unreal Projects/UMG_Practice/Saved/Panel_MidRight83AAF8A84814A0D0175BACA1D3634D13.tmp' to 'C:/Users/Administrator/Documents/Unreal Projects/UMG_Practice/Content/Resource/Sprites/Panel_MidRight.uasset'
[2018.01.14-02.53.39:062][621]LogSavePackage: Display: Finished SavePackage C:/Users/Administrator/Documents/Unreal Projects/UMG_Practice/Content/Resource/Sprites/Panel_MidRight.uasset
[2018.01.14-02.53.56:685][693]BlueprintLog: New page: Inventory 컴파일
[2018.01.14-02.53.56:837][693]Cmd: OBJ SAVEPACKAGE PACKAGE="/Game/UMG/Inventory" FILE="C:/Users/Administrator/Documents/Unreal Projects/UMG_Practice/Content/UMG/Inventory.uasset" SILENT=true
[2018.01.14-02.53.56:866][693]LogSavePackage: Save=23.08ms
[2018.01.14-02.53.56:866][693]LogSavePackage: Moving 'C:/Users/Administrator/Documents/Unreal Projects/UMG_Practice/Saved/InventoryF292D9F44E2D26C90287DFB3408C4E13.tmp' to 'C:/Users/Administrator/Documents/Unreal Projects/UMG_Practice/Content/UMG/Inventory.uasset'
[2018.01.14-02.53.56:871][693]LogSavePackage: Display: Finished SavePackage C:/Users/Administrator/Documents/Unreal Projects/UMG_Practice/Content/UMG/Inventory.uasset
[2018.01.14-02.53.59:416][837]LogWindowsTextInputMethodSystem: Display: IME system now activated using TSF (Microsoft 입력기).
[2018.01.14-02.53.59:587][838]Cmd: QUIT_EDITOR
[2018.01.14-02.53.59:679][838]LogExit: Preparing to exit.
[2018.01.14-02.54.00:403][838]LogExit: Editor shut down
[2018.01.14-02.54.00:407][838]LogExit: Transaction tracking system shut down
[2018.01.14-02.54.00:558][838]LogDirectoryWatcher: A directory notification for '../../../Engine/Content/' was aborted.
[2018.01.14-02.54.00:558][838]LogDirectoryWatcher: A directory notification for 'C:/Users/Administrator/Documents/Unreal Projects/UMG_Practice/Content/' was aborted.
[2018.01.14-02.54.00:558][838]LogDirectoryWatcher: A directory notification for '../../../Engine/Plugins/2D/Paper2D/Content/' was aborted.
[2018.01.14-02.54.00:558][838]LogDirectoryWatcher: A directory notification for '../../../Engine/Plugins/Media/MediaCompositing/Content/' was aborted.
[2018.01.14-02.54.00:558][838]LogDirectoryWatcher: A directory notification for '../../../Engine/Plugins/Runtime/AppleARKit/Content/' was aborted.
[2018.01.14-02.54.00:558][838]LogDirectoryWatcher: A directory notification for '../../../Engine/Plugins/Runtime/Oculus/OculusVR/Content/' was aborted.
[2018.01.14-02.54.00:558][838]LogDirectoryWatcher: A directory notification for '../../../Engine/Plugins/Runtime/Steam/SteamVR/Content/' was aborted.
[2018.01.14-02.54.00:622][838]LogExit: Object subsystem successfully closed.
[2018.01.14-02.54.00:647][838]LogD3D11RHI: Shutdown
[2018.01.14-02.54.00:647][838]LogD3D11RHI: CleanupD3DDevice
[2018.01.14-02.54.00:648][838]LogD3D11RHI: ~FD3D11DynamicRHI
[2018.01.14-02.54.00:654][838]LogModuleManager: Shutting down and abandoning module MovieSceneCapture (556)
[2018.01.14-02.54.00:654][838]LogModuleManager: Shutting down and abandoning module SequencerWidgets (554)
[2018.01.14-02.54.00:654][838]LogModuleManager: Shutting down and abandoning module BlueprintGraph (552)
[2018.01.14-02.54.00:654][838]LogModuleManager: Shutting down and abandoning module HierarchicalLODOutliner (550)
[2018.01.14-02.54.00:654][838]LogModuleManager: Shutting down and abandoning module SceneOutliner (548)
[2018.01.14-02.54.00:654][838]LogModuleManager: Shutting down and abandoning module WorldBrowser (546)
[2018.01.14-02.54.00:654][838]LogModuleManager: Shutting down and abandoning module AddContentDialog (544)
[2018.01.14-02.54.00:655][838]LogDirectoryWatcher: A directory notification for 'D:/EpicGames/UE_4.18/FeaturePacks/' was aborted.
[2018.01.14-02.54.00:655][838]LogModuleManager: Shutting down and abandoning module WidgetCarousel (543)
[2018.01.14-02.54.00:655][838]LogModuleManager: Shutting down and abandoning module EditorWidgets (540)
[2018.01.14-02.54.00:656][838]LogModuleManager: Shutting down and abandoning module CollectionManager (538)
[2018.01.14-02.54.00:656][838]LogDirectoryWatcher: A directory notification for 'C:/Users/Administrator/Documents/Unreal Projects/UMG_Practice/Content/Collections/' was aborted.
[2018.01.14-02.54.00:656][838]LogDirectoryWatcher: A directory notification for 'C:/Users/Administrator/Documents/Unreal Projects/UMG_Practice/Content/Developers/Administrator/Collections/' was aborted.
[2018.01.14-02.54.00:656][838]LogDirectoryWatcher: A directory notification for 'C:/Users/Administrator/Documents/Unreal Projects/UMG_Practice/Saved/Collections/' was aborted.
[2018.01.14-02.54.00:656][838]LogModuleManager: Shutting down and abandoning module StatsViewer (536)
[2018.01.14-02.54.00:656][838]LogModuleManager: Shutting down and abandoning module FoliageEdit (534)
[2018.01.14-02.54.00:656][838]LogModuleManager: Shutting down and abandoning module LandscapeEditor (532)
[2018.01.14-02.54.00:656][838]LogModuleManager: Shutting down and abandoning module MeshPaintMode (530)
[2018.01.14-02.54.00:656][838]LogModuleManager: Shutting down and abandoning module SceneDepthPickerMode (528)
[2018.01.14-02.54.00:656][838]LogModuleManager: Shutting down and abandoning module ActorPickerMode (526)
[2018.01.14-02.54.00:656][838]LogModuleManager: Shutting down and abandoning module GeometryMode (524)
[2018.01.14-02.54.00:656][838]LogModuleManager: Shutting down and abandoning module TextureAlignMode (522)
[2018.01.14-02.54.00:656][838]LogModuleManager: Shutting down and abandoning module BspMode (520)
[2018.01.14-02.54.00:656][838]LogModuleManager: Shutting down and abandoning module PIEPreviewDeviceProfileSelector (518)
[2018.01.14-02.54.00:656][838]LogModuleManager: Shutting down and abandoning module HardwareSurvey (516)
[2018.01.14-02.54.00:656][838]LogModuleManager: Shutting down and abandoning module SequenceRecorderSections (514)
[2018.01.14-02.54.00:656][838]LogModuleManager: Shutting down and abandoning module AutomationWorker (512)
[2018.01.14-02.54.00:656][838]LogModuleManager: Shutting down and abandoning module MatineeToLevelSequence (510)
[2018.01.14-02.54.00:656][838]LogModuleManager: Shutting down and abandoning module LevelSequenceEditor (508)
[2018.01.14-02.54.00:656][838]LogModuleManager: Shutting down and abandoning module PlacementMode (507)
[2018.01.14-02.54.00:656][838]LogModuleManager: Shutting down and abandoning module WmfMediaFactory (504)
[2018.01.14-02.54.00:656][838]LogModuleManager: Shutting down and abandoning module WmfMediaEditor (502)
[2018.01.14-02.54.00:656][838]LogModuleManager: Shutting down and abandoning module OpenExrWrapper (500)
[2018.01.14-02.54.00:656][838]LogModuleManager: Shutting down and abandoning module ImgMediaFactory (498)
[2018.01.14-02.54.00:656][838]LogModuleManager: Shutting down and abandoning module ImgMediaEditor (496)
[2018.01.14-02.54.00:656][838]LogModuleManager: Shutting down and abandoning module AvfMediaFactory (494)
[2018.01.14-02.54.00:656][838]LogModuleManager: Shutting down and abandoning module AvfMediaEditor (492)
[2018.01.14-02.54.00:656][838]LogModuleManager: Shutting down and abandoning module AndroidMediaFactory (490)
[2018.01.14-02.54.00:656][838]LogModuleManager: Shutting down and abandoning module AndroidMediaEditor (488)
[2018.01.14-02.54.00:656][838]LogModuleManager: Shutting down and abandoning module CharacterAI (486)
[2018.01.14-02.54.00:656][838]LogModuleManager: Shutting down and abandoning module AudioCapture (484)
[2018.01.14-02.54.00:656][838]LogModuleManager: Shutting down and abandoning module SequenceRecorder (483)
[2018.01.14-02.54.00:656][838]LogModuleManager: Shutting down and abandoning module SmartSnapping (480)
[2018.01.14-02.54.00:656][838]LogModuleManager: Shutting down and abandoning module SessionServices (478)
[2018.01.14-02.54.00:656][838]LogModuleManager: Shutting down and abandoning module ViewportSnapping (476)
[2018.01.14-02.54.00:656][838]LogModuleManager: Shutting down and abandoning module ViewportInteraction (474)
[2018.01.14-02.54.00:656][838]LogModuleManager: Shutting down and abandoning module ClothPainter (472)
[2018.01.14-02.54.00:656][838]LogModuleManager: Shutting down and abandoning module SkeletalMeshEditor (471)
[2018.01.14-02.54.00:656][838]LogModuleManager: Shutting down and abandoning module LogVisualizer (468)
[2018.01.14-02.54.00:656][838]LogModuleManager: Shutting down and abandoning module IntroTutorials (466)
[2018.01.14-02.54.00:656][838]LogModuleManager: Shutting down and abandoning module GameProjectGeneration (465)
[2018.01.14-02.54.00:657][838]LogModuleManager: Shutting down and abandoning module IOSPlatformEditor (462)
[2018.01.14-02.54.00:657][838]LogModuleManager: Shutting down and abandoning module HTML5PlatformEditor (460)
[2018.01.14-02.54.00:657][838]LogModuleManager: Shutting down and abandoning module AndroidPlatformEditor (458)
[2018.01.14-02.54.00:657][838]LogModuleManager: Shutting down and abandoning module AndroidDeviceDetection (457)
[2018.01.14-02.54.01:465][838]LogModuleManager: Shutting down and abandoning module WindowsPlatformEditor (454)
[2018.01.14-02.54.01:465][838]LogModuleManager: Shutting down and abandoning module IOSRuntimeSettings (452)
[2018.01.14-02.54.01:465][838]LogModuleManager: Shutting down and abandoning module AndroidRuntimeSettings (450)
[2018.01.14-02.54.01:465][838]LogModuleManager: Shutting down and abandoning module InputBindingEditor (448)
[2018.01.14-02.54.01:465][838]LogModuleManager: Shutting down and abandoning module MergeActors (446)
[2018.01.14-02.54.01:465][838]LogModuleManager: Shutting down and abandoning module SizeMap (444)
[2018.01.14-02.54.01:465][838]LogModuleManager: Shutting down and abandoning module TreeMap (442)
[2018.01.14-02.54.01:465][838]LogModuleManager: Shutting down and abandoning module ReferenceViewer (440)
[2018.01.14-02.54.01:465][838]LogModuleManager: Shutting down and abandoning module LocalizationDashboard (438)
[2018.01.14-02.54.01:465][838]LogModuleManager: Shutting down and abandoning module LocalizationService (437)
[2018.01.14-02.54.01:465][838]LogModuleManager: Shutting down and abandoning module HardwareTargeting (434)
[2018.01.14-02.54.01:465][838]LogModuleManager: Shutting down and abandoning module DeviceProfileEditor (432)
[2018.01.14-02.54.01:465][838]LogModuleManager: Shutting down and abandoning module UndoHistory (430)
[2018.01.14-02.54.01:465][838]LogModuleManager: Shutting down and abandoning module XmlParser (428)
[2018.01.14-02.54.01:465][838]LogModuleManager: Shutting down and abandoning module Blutility (426)
[2018.01.14-02.54.01:465][838]LogModuleManager: Shutting down and abandoning module ProjectSettingsViewer (424)
[2018.01.14-02.54.01:465][838]LogModuleManager: Shutting down and abandoning module ProjectTargetPlatformEditor (423)
[2018.01.14-02.54.01:465][838]LogModuleManager: Shutting down and abandoning module EditorSettingsViewer (420)
[2018.01.14-02.54.01:465][838]LogModuleManager: Shutting down and abandoning module SettingsEditor (418)
[2018.01.14-02.54.01:465][838]LogModuleManager: Shutting down and abandoning module ProjectLauncher (416)
[2018.01.14-02.54.01:466][838]LogModuleManager: Shutting down and abandoning module SessionFrontend (414)
[2018.01.14-02.54.01:466][838]LogModuleManager: Shutting down and abandoning module ProfilerClient (412)
[2018.01.14-02.54.01:466][838]LogModuleManager: Shutting down and abandoning module DeviceManager (410)
[2018.01.14-02.54.01:466][838]LogModuleManager: Shutting down and abandoning module TargetDeviceServices (409)
[2018.01.14-02.54.01:518][838]LogModuleManager: Shutting down and abandoning module AutomationController (406)
[2018.01.14-02.54.01:518][838]LogModuleManager: Shutting down and abandoning module AutomationWindow (404)
[2018.01.14-02.54.01:518][838]LogModuleManager: Shutting down and abandoning module Layers (402)
[2018.01.14-02.54.01:518][838]LogModuleManager: Shutting down and abandoning module ComponentVisualizers (400)
[2018.01.14-02.54.01:518][838]LogModuleManager: Shutting down and abandoning module DetailCustomizations (398)
[2018.01.14-02.54.01:518][838]LogModuleManager: Shutting down and abandoning module PackagesDialog (396)
[2018.01.14-02.54.01:518][838]LogModuleManager: Shutting down and abandoning module Persona (394)
[2018.01.14-02.54.01:518][838]LogModuleManager: Shutting down and abandoning module AdvancedPreviewScene (393)
[2018.01.14-02.54.01:518][838]LogModuleManager: Shutting down and abandoning module AnimGraph (391)
[2018.01.14-02.54.01:518][838]LogModuleManager: Shutting down and abandoning module Kismet (388)
[2018.01.14-02.54.01:524][838]LogModuleManager: Shutting down and abandoning module ClassViewer (386)
[2018.01.14-02.54.01:525][838]LogModuleManager: Shutting down and abandoning module Toolbox (384)
[2018.01.14-02.54.01:525][838]LogModuleManager: Shutting down and abandoning module ModuleUI (382)
[2018.01.14-02.54.01:525][838]LogModuleManager: Shutting down and abandoning module MovieSceneTools (380)
[2018.01.14-02.54.01:525][838]LogModuleManager: Shutting down and abandoning module OutputLog (378)
[2018.01.14-02.54.01:525][838]LogModuleManager: Shutting down and abandoning module GammaUI (376)
[2018.01.14-02.54.01:525][838]LogModuleManager: Shutting down and abandoning module Documentation (374)
[2018.01.14-02.54.01:525][838]LogModuleManager: Shutting down and abandoning module MovieSceneTracks (372)
[2018.01.14-02.54.01:525][838]LogModuleManager: Shutting down and abandoning module MovieScene (370)
[2018.01.14-02.54.01:525][838]LogModuleManager: Shutting down and abandoning module StreamingPauseRendering (368)
[2018.01.14-02.54.01:525][838]LogModuleManager: Shutting down and abandoning module LauncherPlatform (366)
[2018.01.14-02.54.01:525][838]LogModuleManager: Shutting down and abandoning module AnalyticsET (364)
[2018.01.14-02.54.01:525][838]LogModuleManager: Shutting down and abandoning module PortalServices (362)
[2018.01.14-02.54.01:525][838]LogModuleManager: Shutting down and abandoning module PortalRpc (360)
[2018.01.14-02.54.01:525][838]LogModuleManager: Shutting down and abandoning module MessagingRpc (358)
[2018.01.14-02.54.01:525][838]LogModuleManager: Shutting down and abandoning module AIModule (356)
[2018.01.14-02.54.01:525][838]LogModuleManager: Shutting down and abandoning module GameplayDebugger (355)
[2018.01.14-02.54.01:525][838]LogModuleManager: Shutting down and abandoning module AITestSuite (353)
[2018.01.14-02.54.01:525][838]LogModuleManager: Shutting down and abandoning module DesktopPlatform (350)
[2018.01.14-02.54.01:525][838]LogModuleManager: Shutting down and abandoning module ProfilerService (348)
[2018.01.14-02.54.01:633][838]LogModuleManager: Shutting down and abandoning module TaskGraph (346)
[2018.01.14-02.54.01:633][838]LogModuleManager: Shutting down and abandoning module SteamVRController (344)
[2018.01.14-02.54.01:633][838]LogModuleManager: Shutting down and abandoning module ProceduralMeshComponentEditor (342)
[2018.01.14-02.54.01:633][838]LogModuleManager: Shutting down and abandoning module ProceduralMeshComponent (340)
[2018.01.14-02.54.01:633][838]LogModuleManager: Shutting down and abandoning module OculusInput (338)
[2018.01.14-02.54.01:633][838]LogModuleManager: Shutting down and abandoning module MobilePatchingUtils (336)
[2018.01.14-02.54.01:633][838]LogModuleManager: Shutting down and abandoning module CustomMeshComponent (334)
[2018.01.14-02.54.01:633][838]LogModuleManager: Shutting down and abandoning module CableComponent (332)
[2018.01.14-02.54.01:633][838]LogModuleManager: Shutting down and abandoning module ArchVisCharacter (330)
[2018.01.14-02.54.01:633][838]LogModuleManager: Shutting down and abandoning module AndroidPermission (328)
[2018.01.14-02.54.01:633][838]LogModuleManager: Shutting down and abandoning module ActorSequence (324)
[2018.01.14-02.54.01:633][838]LogModuleManager: Shutting down and abandoning module MediaPlayerEditor (322)
[2018.01.14-02.54.01:633][838]LogModuleManager: Shutting down and abandoning module MediaCompositingEditor (320)
[2018.01.14-02.54.01:633][838]LogModuleManager: Shutting down and abandoning module MediaCompositing (318)
[2018.01.14-02.54.01:633][838]LogModuleManager: Shutting down and abandoning module HTML5Networking (316)
[2018.01.14-02.54.01:633][838]LogModuleManager: Shutting down and abandoning module AlembicImporter (314)
[2018.01.14-02.54.01:633][838]LogModuleManager: Shutting down and abandoning module AlembicLibrary (313)
[2018.01.14-02.54.01:633][838]LogModuleManager: Shutting down and abandoning module GeometryCache (312)
[2018.01.14-02.54.01:633][838]LogModuleManager: Shutting down and abandoning module GeometryCacheEd (311)
[2018.01.14-02.54.01:633][838]LogModuleManager: Shutting down and abandoning module SpeedTreeImporter (306)
[2018.01.14-02.54.01:633][838]LogModuleManager: Shutting down and abandoning module PluginBrowser (304)
[2018.01.14-02.54.01:633][838]LogModuleManager: Shutting down and abandoning module MobileLauncherProfileWizard (302)
[2018.01.14-02.54.01:633][838]LogModuleManager: Shutting down and abandoning module VisualStudioSourceCodeAccess (300)
[2018.01.14-02.54.01:633][838]LogModuleManager: Shutting down and abandoning module VisualStudioCodeSourceCodeAccess (298)
[2018.01.14-02.54.01:633][838]LogModuleManager: Shutting down and abandoning module UObjectPlugin (296)
[2018.01.14-02.54.01:633][838]LogModuleManager: Shutting down and abandoning module SubversionSourceControl (294)
[2018.01.14-02.54.01:633][838]LogModuleManager: Shutting down and abandoning module PerforceSourceControl (292)
[2018.01.14-02.54.01:633][838]LogModuleManager: Shutting down and abandoning module GitSourceControl (290)
[2018.01.14-02.54.01:633][838]LogModuleManager: Shutting down and abandoning module SourceControl (289)
[2018.01.14-02.54.01:633][838]LogModuleManager: Shutting down and abandoning module LightPropagationVolumeEditor (286)
[2018.01.14-02.54.01:633][838]LogModuleManager: Shutting down and abandoning module PaperTiledImporter (284)
[2018.01.14-02.54.01:633][838]LogModuleManager: Shutting down and abandoning module PaperSpriteSheetImporter (282)
[2018.01.14-02.54.01:633][838]LogModuleManager: Shutting down and abandoning module Paper2DEditor (280)
[2018.01.14-02.54.01:633][838]LogModuleManager: Shutting down and abandoning module MeshPaint (279)
[2018.01.14-02.54.01:633][838]LogModuleManager: Shutting down and abandoning module LevelEditor (277)
[2018.01.14-02.54.01:634][838]LogModuleManager: Shutting down and abandoning module PixelInspectorModule (276)
[2018.01.14-02.54.01:634][838]LogModuleManager: Shutting down and abandoning module MainFrame (274)
[2018.01.14-02.54.01:634][838]LogModuleManager: Shutting down and abandoning module HotReload (273)
[2018.01.14-02.54.01:634][838]LogModuleManager: Shutting down and abandoning module RuntimePhysXCooking (268)
[2018.01.14-02.54.01:634][838]LogModuleManager: Shutting down and abandoning module PhysXVehiclesEditor (266)
[2018.01.14-02.54.01:634][838]LogModuleManager: Shutting down and abandoning module PhysXVehicles (264)
[2018.01.14-02.54.01:634][838]LogModuleManager: Shutting down and abandoning module OculusEditor (262)
[2018.01.14-02.54.01:635][838]LogModuleManager: Shutting down and abandoning module LocationServicesBPLibrary (260)
[2018.01.14-02.54.01:635][838]LogModuleManager: Shutting down and abandoning module ImmediatePhysicsEditor (258)
[2018.01.14-02.54.01:635][838]LogModuleManager: Shutting down and abandoning module ImmediatePhysics (256)
[2018.01.14-02.54.01:635][838]LogModuleManager: Shutting down and abandoning module UdpMessaging (254)
[2018.01.14-02.54.01:735][838]LogModuleManager: Shutting down and abandoning module TcpMessaging (252)
[2018.01.14-02.54.01:835][838]LogModuleManager: Shutting down and abandoning module GameplayTagsEditor (250)
[2018.01.14-02.54.01:835][838]LogModuleManager: Shutting down and abandoning module FacialAnimationEditor (248)
[2018.01.14-02.54.01:835][838]LogModuleManager: Shutting down and abandoning module FacialAnimation (246)
[2018.01.14-02.54.01:835][838]LogModuleManager: Shutting down and abandoning module AssetManagerEditor (244)
[2018.01.14-02.54.01:835][838]LogModuleManager: Shutting down and abandoning module GraphEditor (243)
[2018.01.14-02.54.01:835][838]LogModuleManager: Shutting down and abandoning module ContentBrowser (241)
[2018.01.14-02.54.01:836][838]LogModuleManager: Shutting down and abandoning module LightPropagationVolumeRuntime (238)
[2018.01.14-02.54.01:836][838]LogModuleManager: Shutting down and abandoning module Paper2D (236)
[2018.01.14-02.54.01:836][838]LogModuleManager: Shutting down and abandoning module WindowsMoviePlayer (234)
[2018.01.14-02.54.01:836][838]LogModuleManager: Shutting down and abandoning module WmfMedia (232)
[2018.01.14-02.54.01:838][838]LogModuleManager: Shutting down and abandoning module ImgMedia (230)
[2018.01.14-02.54.01:838][838]LogModuleManager: Shutting down and abandoning module PacketHandler (228)
[2018.01.14-02.54.01:838][838]LogModuleManager: Shutting down and abandoning module ClothingSystemEditor (226)
[2018.01.14-02.54.01:838][838]LogModuleManager: Shutting down and abandoning module ClothingSystemRuntime (224)
[2018.01.14-02.54.01:838][838]LogModuleManager: Shutting down and abandoning module MediaAssets (222)
[2018.01.14-02.54.01:838][838]LogModuleManager: Shutting down and abandoning module Media (221)
[2018.01.14-02.54.01:844][838]LogModuleManager: Shutting down and abandoning module Overlay (218)
[2018.01.14-02.54.01:844][838]LogModuleManager: Shutting down and abandoning module OverlayEditor (217)
[2018.01.14-02.54.01:844][838]LogModuleManager: Shutting down and abandoning module VREditor (214)
[2018.01.14-02.54.01:844][838]LogModuleManager: Shutting down and abandoning module StringTableEditor (212)
[2018.01.14-02.54.01:844][838]LogModuleManager: Shutting down and abandoning module GameplayTasksEditor (210)
[2018.01.14-02.54.01:844][838]LogModuleManager: Shutting down and abandoning module BehaviorTreeEditor (208)
[2018.01.14-02.54.01:844][838]LogModuleManager: Shutting down and abandoning module FunctionalTesting (206)
[2018.01.14-02.54.01:844][838]LogModuleManager: Shutting down and abandoning module CollisionAnalyzer (204)
[2018.01.14-02.54.01:844][838]LogModuleManager: Shutting down and abandoning module WorkspaceMenuStructure (203)
[2018.01.14-02.54.01:844][838]LogModuleManager: Shutting down and abandoning module UMG (200)
[2018.01.14-02.54.01:844][838]LogModuleManager: Shutting down and abandoning module UMGEditor (199)
[2018.01.14-02.54.01:844][838]LogModuleManager: Shutting down and abandoning module Sequencer (198)
[2018.01.14-02.54.01:844][838]LogModuleManager: Shutting down and abandoning module MessageLog (195)
[2018.01.14-02.54.01:844][838]LogModuleManager: Shutting down and abandoning module SlateReflector (190)
[2018.01.14-02.54.01:844][838]LogModuleManager: Shutting down and abandoning module Slate (188)
[2018.01.14-02.54.01:844][838]LogModuleManager: Shutting down and abandoning module EditorStyle (186)
[2018.01.14-02.54.01:846][838]LogModuleManager: Shutting down and abandoning module MRMesh (184)
[2018.01.14-02.54.01:846][838]LogModuleManager: Shutting down and abandoning module SourceCodeAccess (182)
[2018.01.14-02.54.01:846][838]LogModuleManager: Shutting down and abandoning module HeadMountedDisplay (180)
[2018.01.14-02.54.01:846][838]LogModuleManager: Shutting down and abandoning module XAudio2 (178)
[2018.01.14-02.54.01:846][838]LogModuleManager: Shutting down and abandoning module Networking (176)
[2018.01.14-02.54.01:846][838]LogModuleManager: Shutting down and abandoning module Core (172)
[2018.01.14-02.54.01:846][838]LogModuleManager: Shutting down and abandoning module LevelSequence (168)
[2018.01.14-02.54.01:846][838]LogModuleManager: Shutting down and abandoning module DirectoryWatcher (166)
[2018.01.14-02.54.01:847][838]LogModuleManager: Shutting down and abandoning module KismetCompiler (164)
[2018.01.14-02.54.01:847][838]LogModuleManager: Shutting down and abandoning module MeshUtilities (162)
[2018.01.14-02.54.01:847][838]LogModuleManager: Shutting down and abandoning module MeshMergeUtilities (161)
[2018.01.14-02.54.01:847][838]LogModuleManager: Shutting down and abandoning module MeshReductionInterface (160)
[2018.01.14-02.54.01:847][838]LogModuleManager: Shutting down and abandoning module SimplygonSwarm (159)
[2018.01.14-02.54.01:847][838]LogModuleManager: Shutting down and abandoning module SimplygonMeshReduction (157)
[2018.01.14-02.54.01:847][838]LogModuleManager: Shutting down and abandoning module QuadricMeshReduction (155)
[2018.01.14-02.54.01:847][838]LogModuleManager: Shutting down and abandoning module MaterialBaking (151)
[2018.01.14-02.54.01:847][838]LogModuleManager: Shutting down and abandoning module DerivedDataCache (148)
[2018.01.14-02.54.01:889][838]LogDerivedDataCache: Shutdown
[2018.01.14-02.54.01:889][838]LogModuleManager: Shutting down and abandoning module TargetPlatform (146)
[2018.01.14-02.54.01:889][838]LogModuleManager: Shutting down and abandoning module VulkanShaderFormat (145)
[2018.01.14-02.54.01:889][838]LogModuleManager: Shutting down and abandoning module ShaderFormatVectorVM (143)
[2018.01.14-02.54.01:889][838]LogModuleManager: Shutting down and abandoning module ShaderFormatOpenGL (141)
[2018.01.14-02.54.01:889][838]LogModuleManager: Shutting down and abandoning module ShaderFormatD3D (139)
[2018.01.14-02.54.01:889][838]LogModuleManager: Shutting down and abandoning module MetalShaderFormat (137)
[2018.01.14-02.54.01:889][838]LogModuleManager: Shutting down and abandoning module TextureFormatUncompressed (135)
[2018.01.14-02.54.01:889][838]LogModuleManager: Shutting down and abandoning module TextureFormatPVR (133)
[2018.01.14-02.54.01:889][838]LogModuleManager: Shutting down and abandoning module TextureFormatDXT (131)
[2018.01.14-02.54.01:889][838]LogModuleManager: Shutting down and abandoning module TextureFormatIntelISPCTexComp (129)
[2018.01.14-02.54.01:889][838]LogModuleManager: Shutting down and abandoning module TextureFormatASTC (127)
[2018.01.14-02.54.01:889][838]LogModuleManager: Shutting down and abandoning module ImageWrapper (126)
[2018.01.14-02.54.01:889][838]LogModuleManager: Shutting down and abandoning module TextureFormatAndroid (123)
[2018.01.14-02.54.01:889][838]LogModuleManager: Shutting down and abandoning module AudioFormatOpus (121)
[2018.01.14-02.54.01:889][838]LogModuleManager: Shutting down and abandoning module AudioFormatOgg (119)
[2018.01.14-02.54.01:889][838]LogModuleManager: Shutting down and abandoning module AudioFormatADPCM (117)
[2018.01.14-02.54.01:889][838]LogModuleManager: Shutting down and abandoning module LinuxTargetPlatform (115)
[2018.01.14-02.54.01:889][838]LogModuleManager: Shutting down and abandoning module LinuxServerTargetPlatform (113)
[2018.01.14-02.54.01:889][838]LogModuleManager: Shutting down and abandoning module LinuxNoEditorTargetPlatform (111)
[2018.01.14-02.54.01:889][838]LogModuleManager: Shutting down and abandoning module LinuxClientTargetPlatform (109)
[2018.01.14-02.54.01:889][838]LogModuleManager: Shutting down and abandoning module TVOSTargetPlatform (107)
[2018.01.14-02.54.01:889][838]LogModuleManager: Shutting down and abandoning module Messaging (105)
[2018.01.14-02.54.01:889][838]LogModuleManager: Shutting down and abandoning module IOSTargetPlatform (103)
[2018.01.14-02.54.01:889][838]LogModuleManager: Shutting down and abandoning module HTML5TargetPlatform (101)
[2018.01.14-02.54.01:889][838]LogModuleManager: Shutting down and abandoning module AndroidTargetPlatform (99)
[2018.01.14-02.54.01:889][838]LogModuleManager: Shutting down and abandoning module Android_PVRTCTargetPlatform (97)
[2018.01.14-02.54.01:889][838]LogModuleManager: Shutting down and abandoning module Android_MultiTargetPlatform (95)
[2018.01.14-02.54.01:889][838]LogModuleManager: Shutting down and abandoning module Android_ETC2TargetPlatform (93)
[2018.01.14-02.54.01:889][838]LogModuleManager: Shutting down and abandoning module Android_ETC1TargetPlatform (91)
[2018.01.14-02.54.01:889][838]LogModuleManager: Shutting down and abandoning module Android_DXTTargetPlatform (89)
[2018.01.14-02.54.01:889][838]LogModuleManager: Shutting down and abandoning module Android_ATCTargetPlatform (87)
[2018.01.14-02.54.01:889][838]LogModuleManager: Shutting down and abandoning module Android_ASTCTargetPlatform (85)
[2018.01.14-02.54.01:889][838]LogModuleManager: Shutting down and abandoning module WindowsTargetPlatform (83)
[2018.01.14-02.54.01:889][838]LogModuleManager: Shutting down and abandoning module WindowsServerTargetPlatform (81)
[2018.01.14-02.54.01:889][838]LogModuleManager: Shutting down and abandoning module WindowsNoEditorTargetPlatform (79)
[2018.01.14-02.54.01:889][838]LogModuleManager: Shutting down and abandoning module WindowsClientTargetPlatform (77)
[2018.01.14-02.54.01:889][838]LogModuleManager: Shutting down and abandoning module MacTargetPlatform (75)
[2018.01.14-02.54.01:890][838]LogModuleManager: Shutting down and abandoning module MacServerTargetPlatform (73)
[2018.01.14-02.54.01:890][838]LogModuleManager: Shutting down and abandoning module MacNoEditorTargetPlatform (71)
[2018.01.14-02.54.01:890][838]LogModuleManager: Shutting down and abandoning module MacClientTargetPlatform (69)
[2018.01.14-02.54.01:890][838]LogModuleManager: Shutting down and abandoning module AllDesktopTargetPlatform (67)
[2018.01.14-02.54.01:890][838]LogModuleManager: Shutting down and abandoning module InputCore (64)
[2018.01.14-02.54.01:890][838]LogModuleManager: Shutting down and abandoning module Settings (62)
[2018.01.14-02.54.01:890][838]LogModuleManager: Shutting down and abandoning module PhysXCooking (60)
[2018.01.14-02.54.01:890][838]LogModuleManager: Shutting down and abandoning module SteamVR (58)
[2018.01.14-02.54.01:890][838]LogModuleManager: Shutting down and abandoning module OculusHMD (56)
[2018.01.14-02.54.01:890][838]LogModuleManager: Shutting down and abandoning module ExampleDeviceProfileSelector (54)
[2018.01.14-02.54.01:890][838]LogModuleManager: Shutting down and abandoning module AppleARKit (52)
[2018.01.14-02.54.01:890][838]LogModuleManager: Shutting down and abandoning module AugmentedReality (51)
[2018.01.14-02.54.01:890][838]LogModuleManager: Shutting down and abandoning module OnlineBlueprintSupport (48)
[2018.01.14-02.54.01:890][838]LogModuleManager: Shutting down and abandoning module OnlineSubsystem (44)
[2018.01.14-02.54.01:890][838]LogModuleManager: Shutting down and abandoning module XMPP (43)
[2018.01.14-02.54.01:890][838]LogModuleManager: Shutting down and abandoning module HTTP (41)
[2018.01.14-02.54.01:890][838]LogHttp: Display: Http module shutting down, but needs to wait on 1 outstanding Http requests:
[2018.01.14-02.54.01:890][838]LogHttp: Display: 	verb=[POST] url=[https://datarouter.ol.epicgames.com/datarouter/api/v1/public/data?SessionID=%7B008095FC-4674-8AB8-5ACA-1DA816BA53DB%7D&AppID=UEEditor.Rocket.Release&AppVersion=4.18.2-3794801%2B%2B%2BUE4%2BRelease-4.18&UserID=f2134d0c4d815fe5deb956a68c25832f%7C79d9d70e03a94da2a36573f877b3400e%7Ca671821a-70f2-4aa6-b3fa-d9feac38d6e8&AppEnvironment=datacollector-binary&UploadType=eteventstream] status=Processing
[2018.01.14-02.54.01:894][838]LogModuleManager: Shutting down and abandoning module SSL (40)
[2018.01.14-02.54.01:895][838]LogModuleManager: Shutting down and abandoning module AnimationModifiers (36)
[2018.01.14-02.54.01:895][838]LogModuleManager: Shutting down and abandoning module PropertyEditor (35)
[2018.01.14-02.54.01:895][838]LogModuleManager: Shutting down and abandoning module AudioEditor (32)
[2018.01.14-02.54.01:895][838]LogModuleManager: Shutting down and abandoning module TextureCompressor (30)
[2018.01.14-02.54.01:895][838]LogModuleManager: Shutting down and abandoning module ShaderCore (28)
[2018.01.14-02.54.01:895][838]LogModuleManager: Shutting down and abandoning module Landscape (26)
[2018.01.14-02.54.01:895][838]LogModuleManager: Shutting down and abandoning module SlateRHIRenderer (24)
[2018.01.14-02.54.01:896][838]LogModuleManager: Shutting down and abandoning module OpenGLDrv (22)
[2018.01.14-02.54.01:896][838]LogModuleManager: Shutting down and abandoning module D3D11RHI (20)
[2018.01.14-02.54.01:897][838]LogModuleManager: Shutting down and abandoning module AnimGraphRuntime (18)
[2018.01.14-02.54.01:897][838]LogModuleManager: Shutting down and abandoning module Renderer (16)
[2018.01.14-02.54.01:897][838]LogModuleManager: Shutting down and abandoning module Engine (14)
[2018.01.14-02.54.01:897][838]LogModuleManager: Shutting down and abandoning module CoreUObject (12)
[2018.01.14-02.54.01:897][838]LogModuleManager: Shutting down and abandoning module NetworkFile (10)
[2018.01.14-02.54.01:897][838]LogModuleManager: Shutting down and abandoning module CookedIterativeFile (8)
[2018.01.14-02.54.01:897][838]LogModuleManager: Shutting down and abandoning module StreamingFile (6)
[2018.01.14-02.54.01:897][838]LogModuleManager: Shutting down and abandoning module SandboxFile (4)
[2018.01.14-02.54.01:897][838]LogModuleManager: Shutting down and abandoning module PakFile (2)
[2018.01.14-02.54.01:899][838]LogExit: Exiting.
[2018.01.14-02.54.01:907][838]Log file closed, 01/14/18 11:54:01
